#
# There is insufficient memory for the Java Runtime Environment to continue.
# Native memory allocation (malloc) failed to allocate 732816 bytes for Chunk::new
# Possible reasons:
#   The system is out of physical RAM or swap space
#   The process is running with CompressedOops enabled, and the Java Heap may be blocking the growth of the native heap
# Possible solutions:
#   Reduce memory load on the system
#   Increase physical memory or swap space
#   Check if swap backing store is full
#   Decrease Java heap size (-Xmx/-Xms)
#   Decrease number of Java threads
#   Decrease Java thread stack sizes (-Xss)
#   Set larger code cache with -XX:ReservedCodeCacheSize=
#   JVM is running with Zero Based Compressed Oops mode in which the Java heap is
#     placed in the first 32GB address space. The Java Heap base address is the
#     maximum limit for the native heap growth. Please use -XX:HeapBaseMinAddress
#     to set the Java Heap base and to place the Java Heap above 32GB virtual address.
# This output file may be truncated or incomplete.
#
#  Out of Memory Error (arena.cpp:189), pid=5376, tid=5320
#
# JRE version: Java(TM) SE Runtime Environment (17.0.9+11) (build 17.0.9+11-LTS-201)
# Java VM: Java HotSpot(TM) 64-Bit Server VM (17.0.9+11-LTS-201, mixed mode, tiered, compressed oops, compressed class ptrs, g1 gc, windows-amd64)
# No core dump will be written. Minidumps are not enabled by default on client versions of Windows
#

---------------  S U M M A R Y ------------

Command Line: -javaagent:C:\Program Files\JetBrains\IntelliJ IDEA Community Edition 2024.2.1\lib\idea_rt.jar=63449:C:\Program Files\JetBrains\IntelliJ IDEA Community Edition 2024.2.1\bin -Dfile.encoding=UTF-8 -agentpath:C:\Program Files\Palo Alto Networks\Traps\cyjagent.dll com.talknow.message.MessageApplication

Host: 11th Gen Intel(R) Core(TM) i5-1135G7 @ 2.40GHz, 8 cores, 15G,  Windows 11 , 64 bit Build 22621 (10.0.22621.3235)
Time: Mon Sep 23 16:05:52 2024 India Standard Time elapsed time: 0.981450 seconds (0d 0h 0m 0s)

---------------  T H R E A D  ---------------

Current thread (0x0000013780652e10):  JavaThread "C2 CompilerThread1" daemon [_thread_in_native, id=5320, stack(0x0000003454000000,0x0000003454100000)]


Current CompileTask:
C2:    982 1557       4       org.springframework.boot.context.properties.source.ConfigurationPropertyName$ElementsParser::parse (234 bytes)

Stack: [0x0000003454000000,0x0000003454100000]
Native frames: (J=compiled Java code, j=interpreted, Vv=VM code, C=native code)
V  [jvm.dll+0x678a4a]
V  [jvm.dll+0x7d9cfd]
V  [jvm.dll+0x7db60e]
V  [jvm.dll+0x7dbc73]
V  [jvm.dll+0x245e1f]
V  [jvm.dll+0xaaafb]
V  [jvm.dll+0xab09c]
V  [jvm.dll+0x36232f]
V  [jvm.dll+0x32ca01]
V  [jvm.dll+0x32be9a]
V  [jvm.dll+0x21812f]
V  [jvm.dll+0x217561]
V  [jvm.dll+0x1a3bc0]
V  [jvm.dll+0x2272de]
V  [jvm.dll+0x22548b]
V  [jvm.dll+0x78f58c]
V  [jvm.dll+0x78998a]
V  [jvm.dll+0x677875]
C  [ucrtbase.dll+0x29363]
C  [cyinjct.dll+0x11e7]
C  [KERNEL32.DLL+0x1257d]
C  [ntdll.dll+0x5aa58]


---------------  P R O C E S S  ---------------

Threads class SMR info:
_java_thread_list=0x00000137853dc930, length=17, elements={
0x00000137d87a4cf0, 0x000001378013b020, 0x00000137800a84e0, 0x00000137800cca70,
0x000001378014b2c0, 0x000001378014dfa0, 0x000001378014f510, 0x0000013780152a60,
0x0000013780157680, 0x0000013780158fa0, 0x0000013780281b00, 0x0000013780652e10,
0x00000137809475e0, 0x00000137807f4570, 0x00000137851344c0, 0x000001378516dc70,
0x00000137853c6400
}

Java Threads: ( => current thread )
  0x00000137d87a4cf0 JavaThread "main" [_thread_blocked, id=2332, stack(0x0000003452f00000,0x0000003453000000)]
  0x000001378013b020 JavaThread "Reference Handler" daemon [_thread_blocked, id=30424, stack(0x0000003453600000,0x0000003453700000)]
  0x00000137800a84e0 JavaThread "Finalizer" daemon [_thread_blocked, id=18236, stack(0x0000003453700000,0x0000003453800000)]
  0x00000137800cca70 JavaThread "Signal Dispatcher" daemon [_thread_blocked, id=30672, stack(0x0000003453800000,0x0000003453900000)]
  0x000001378014b2c0 JavaThread "Attach Listener" daemon [_thread_blocked, id=22132, stack(0x0000003453900000,0x0000003453a00000)]
  0x000001378014dfa0 JavaThread "Service Thread" daemon [_thread_blocked, id=25480, stack(0x0000003453a00000,0x0000003453b00000)]
  0x000001378014f510 JavaThread "Monitor Deflation Thread" daemon [_thread_blocked, id=25840, stack(0x0000003453b00000,0x0000003453c00000)]
  0x0000013780152a60 JavaThread "C2 CompilerThread0" daemon [_thread_blocked, id=32500, stack(0x0000003453c00000,0x0000003453d00000)]
  0x0000013780157680 JavaThread "C1 CompilerThread0" daemon [_thread_blocked, id=27532, stack(0x0000003453d00000,0x0000003453e00000)]
  0x0000013780158fa0 JavaThread "Sweeper thread" daemon [_thread_blocked, id=12912, stack(0x0000003453e00000,0x0000003453f00000)]
  0x0000013780281b00 JavaThread "Common-Cleaner" daemon [_thread_blocked, id=5996, stack(0x0000003453f00000,0x0000003454000000)]
=>0x0000013780652e10 JavaThread "C2 CompilerThread1" daemon [_thread_in_native, id=5320, stack(0x0000003454000000,0x0000003454100000)]
  0x00000137809475e0 JavaThread "Monitor Ctrl-Break" daemon [_thread_in_native, id=15912, stack(0x0000003454100000,0x0000003454200000)]
  0x00000137807f4570 JavaThread "Notification Thread" daemon [_thread_blocked, id=16132, stack(0x0000003454200000,0x0000003454300000)]
  0x00000137851344c0 JavaThread "Thread-0" [_thread_blocked, id=22012, stack(0x0000003454400000,0x0000003454500000)]
  0x000001378516dc70 JavaThread "restartedMain" [_thread_in_vm, id=11320, stack(0x0000003454500000,0x0000003454600000)]
  0x00000137853c6400 JavaThread "background-preinit" [_thread_in_vm, id=27160, stack(0x0000003454b00000,0x0000003454c00000)]

Other Threads:
  0x00000137f19decb0 VMThread "VM Thread" [stack: 0x0000003453500000,0x0000003453600000] [id=27232]
  0x00000137f183ef30 WatcherThread [stack: 0x0000003454300000,0x0000003454400000] [id=30280]
  0x00000137f1820890 GCTaskThread "GC Thread#0" [stack: 0x0000003453000000,0x0000003453100000] [id=25440]
  0x00000137852064d0 GCTaskThread "GC Thread#1" [stack: 0x0000003454600000,0x0000003454700000] [id=16584]
  0x000001378520a440 GCTaskThread "GC Thread#2" [stack: 0x0000003454700000,0x0000003454800000] [id=29108]
  0x0000013785204290 GCTaskThread "GC Thread#3" [stack: 0x0000003454800000,0x0000003454900000] [id=612]
  0x0000013785204550 GCTaskThread "GC Thread#4" [stack: 0x0000003454900000,0x0000003454a00000] [id=23668]
  0x0000013785204810 GCTaskThread "GC Thread#5" [stack: 0x0000003454a00000,0x0000003454b00000] [id=8432]
  0x00000137f1824c70 ConcurrentGCThread "G1 Main Marker" [stack: 0x0000003453100000,0x0000003453200000] [id=21892]
  0x00000137d87dbfe0 ConcurrentGCThread "G1 Conc#0" [stack: 0x0000003453200000,0x0000003453300000] [id=19044]
  0x00000137f18f8630 ConcurrentGCThread "G1 Refine#0" [stack: 0x0000003453300000,0x0000003453400000] [id=21336]
  0x00000137f18f8f60 ConcurrentGCThread "G1 Service" [stack: 0x0000003453400000,0x0000003453500000] [id=8092]

Threads with active compile tasks:
C2 CompilerThread1     1025 1557       4       org.springframework.boot.context.properties.source.ConfigurationPropertyName$ElementsParser::parse (234 bytes)

VM state: not at safepoint (normal execution)

VM Mutex/Monitor currently owned by a thread:  ([mutex/lock_event])
[0x00000137d879e4e0] Metaspace_lock - owner thread: 0x000001378516dc70

Heap address: 0x0000000704e00000, size: 4018 MB, Compressed Oops mode: Zero based, Oop shift amount: 3

CDS archive(s) not mapped
Compressed class space mapped at: 0x0000000800000000-0x0000000840000000, reserved size: 1073741824
Narrow klass base: 0x0000000800000000, Narrow klass shift: 0, Narrow klass range: 0x40000000

GC Precious Log:
 CPUs: 8 total, 8 available
 Memory: 16064M
 Large Page Support: Disabled
 NUMA Support: Disabled
 Compressed Oops: Enabled (Zero based)
 Heap Region Size: 2M
 Heap Min Capacity: 8M
 Heap Initial Capacity: 252M
 Heap Max Capacity: 4018M
 Pre-touch: Disabled
 Parallel Workers: 8
 Concurrent Workers: 2
 Concurrent Refinement Workers: 8
 Periodic GC: Disabled

Heap:
 garbage-first heap   total 258048K, used 24940K [0x0000000704e00000, 0x0000000800000000)
  region size 2048K, 12 young (24576K), 2 survivors (4096K)
 Metaspace       used 18500K, committed 18688K, reserved 1114112K
  class space    used 1998K, committed 2112K, reserved 1048576K

Heap Regions: E=young(eden), S=young(survivor), O=old, HS=humongous(starts), HC=humongous(continues), CS=collection set, F=free, OA=open archive, CA=closed archive, TAMS=top-at-mark-start (previous, next)
|   0|0x0000000704e00000, 0x0000000705000000, 0x0000000705000000|100%| O|  |TAMS 0x0000000704e00000, 0x0000000704e00000| Untracked 
|   1|0x0000000705000000, 0x000000070505b000, 0x0000000705200000| 17%| O|  |TAMS 0x0000000705000000, 0x0000000705000000| Untracked 
|   2|0x0000000705200000, 0x0000000705200000, 0x0000000705400000|  0%| F|  |TAMS 0x0000000705200000, 0x0000000705200000| Untracked 
|   3|0x0000000705400000, 0x0000000705400000, 0x0000000705600000|  0%| F|  |TAMS 0x0000000705400000, 0x0000000705400000| Untracked 
|   4|0x0000000705600000, 0x0000000705600000, 0x0000000705800000|  0%| F|  |TAMS 0x0000000705600000, 0x0000000705600000| Untracked 
|   5|0x0000000705800000, 0x0000000705800000, 0x0000000705a00000|  0%| F|  |TAMS 0x0000000705800000, 0x0000000705800000| Untracked 
|   6|0x0000000705a00000, 0x0000000705a00000, 0x0000000705c00000|  0%| F|  |TAMS 0x0000000705a00000, 0x0000000705a00000| Untracked 
|   7|0x0000000705c00000, 0x0000000705c00000, 0x0000000705e00000|  0%| F|  |TAMS 0x0000000705c00000, 0x0000000705c00000| Untracked 
|   8|0x0000000705e00000, 0x0000000705e00000, 0x0000000706000000|  0%| F|  |TAMS 0x0000000705e00000, 0x0000000705e00000| Untracked 
|   9|0x0000000706000000, 0x0000000706000000, 0x0000000706200000|  0%| F|  |TAMS 0x0000000706000000, 0x0000000706000000| Untracked 
|  10|0x0000000706200000, 0x0000000706200000, 0x0000000706400000|  0%| F|  |TAMS 0x0000000706200000, 0x0000000706200000| Untracked 
|  11|0x0000000706400000, 0x0000000706400000, 0x0000000706600000|  0%| F|  |TAMS 0x0000000706400000, 0x0000000706400000| Untracked 
|  12|0x0000000706600000, 0x0000000706600000, 0x0000000706800000|  0%| F|  |TAMS 0x0000000706600000, 0x0000000706600000| Untracked 
|  13|0x0000000706800000, 0x0000000706800000, 0x0000000706a00000|  0%| F|  |TAMS 0x0000000706800000, 0x0000000706800000| Untracked 
|  14|0x0000000706a00000, 0x0000000706a00000, 0x0000000706c00000|  0%| F|  |TAMS 0x0000000706a00000, 0x0000000706a00000| Untracked 
|  15|0x0000000706c00000, 0x0000000706c00000, 0x0000000706e00000|  0%| F|  |TAMS 0x0000000706c00000, 0x0000000706c00000| Untracked 
|  16|0x0000000706e00000, 0x0000000706e00000, 0x0000000707000000|  0%| F|  |TAMS 0x0000000706e00000, 0x0000000706e00000| Untracked 
|  17|0x0000000707000000, 0x0000000707000000, 0x0000000707200000|  0%| F|  |TAMS 0x0000000707000000, 0x0000000707000000| Untracked 
|  18|0x0000000707200000, 0x0000000707200000, 0x0000000707400000|  0%| F|  |TAMS 0x0000000707200000, 0x0000000707200000| Untracked 
|  19|0x0000000707400000, 0x0000000707400000, 0x0000000707600000|  0%| F|  |TAMS 0x0000000707400000, 0x0000000707400000| Untracked 
|  20|0x0000000707600000, 0x0000000707600000, 0x0000000707800000|  0%| F|  |TAMS 0x0000000707600000, 0x0000000707600000| Untracked 
|  21|0x0000000707800000, 0x0000000707800000, 0x0000000707a00000|  0%| F|  |TAMS 0x0000000707800000, 0x0000000707800000| Untracked 
|  22|0x0000000707a00000, 0x0000000707a00000, 0x0000000707c00000|  0%| F|  |TAMS 0x0000000707a00000, 0x0000000707a00000| Untracked 
|  23|0x0000000707c00000, 0x0000000707c00000, 0x0000000707e00000|  0%| F|  |TAMS 0x0000000707c00000, 0x0000000707c00000| Untracked 
|  24|0x0000000707e00000, 0x0000000707e00000, 0x0000000708000000|  0%| F|  |TAMS 0x0000000707e00000, 0x0000000707e00000| Untracked 
|  25|0x0000000708000000, 0x0000000708000000, 0x0000000708200000|  0%| F|  |TAMS 0x0000000708000000, 0x0000000708000000| Untracked 
|  26|0x0000000708200000, 0x0000000708200000, 0x0000000708400000|  0%| F|  |TAMS 0x0000000708200000, 0x0000000708200000| Untracked 
|  27|0x0000000708400000, 0x0000000708400000, 0x0000000708600000|  0%| F|  |TAMS 0x0000000708400000, 0x0000000708400000| Untracked 
|  28|0x0000000708600000, 0x0000000708600000, 0x0000000708800000|  0%| F|  |TAMS 0x0000000708600000, 0x0000000708600000| Untracked 
|  29|0x0000000708800000, 0x0000000708800000, 0x0000000708a00000|  0%| F|  |TAMS 0x0000000708800000, 0x0000000708800000| Untracked 
|  30|0x0000000708a00000, 0x0000000708a00000, 0x0000000708c00000|  0%| F|  |TAMS 0x0000000708a00000, 0x0000000708a00000| Untracked 
|  31|0x0000000708c00000, 0x0000000708c00000, 0x0000000708e00000|  0%| F|  |TAMS 0x0000000708c00000, 0x0000000708c00000| Untracked 
|  32|0x0000000708e00000, 0x0000000708e00000, 0x0000000709000000|  0%| F|  |TAMS 0x0000000708e00000, 0x0000000708e00000| Untracked 
|  33|0x0000000709000000, 0x0000000709000000, 0x0000000709200000|  0%| F|  |TAMS 0x0000000709000000, 0x0000000709000000| Untracked 
|  34|0x0000000709200000, 0x0000000709200000, 0x0000000709400000|  0%| F|  |TAMS 0x0000000709200000, 0x0000000709200000| Untracked 
|  35|0x0000000709400000, 0x0000000709400000, 0x0000000709600000|  0%| F|  |TAMS 0x0000000709400000, 0x0000000709400000| Untracked 
|  36|0x0000000709600000, 0x0000000709600000, 0x0000000709800000|  0%| F|  |TAMS 0x0000000709600000, 0x0000000709600000| Untracked 
|  37|0x0000000709800000, 0x0000000709800000, 0x0000000709a00000|  0%| F|  |TAMS 0x0000000709800000, 0x0000000709800000| Untracked 
|  38|0x0000000709a00000, 0x0000000709a00000, 0x0000000709c00000|  0%| F|  |TAMS 0x0000000709a00000, 0x0000000709a00000| Untracked 
|  39|0x0000000709c00000, 0x0000000709c00000, 0x0000000709e00000|  0%| F|  |TAMS 0x0000000709c00000, 0x0000000709c00000| Untracked 
|  40|0x0000000709e00000, 0x0000000709e00000, 0x000000070a000000|  0%| F|  |TAMS 0x0000000709e00000, 0x0000000709e00000| Untracked 
|  41|0x000000070a000000, 0x000000070a000000, 0x000000070a200000|  0%| F|  |TAMS 0x000000070a000000, 0x000000070a000000| Untracked 
|  42|0x000000070a200000, 0x000000070a200000, 0x000000070a400000|  0%| F|  |TAMS 0x000000070a200000, 0x000000070a200000| Untracked 
|  43|0x000000070a400000, 0x000000070a400000, 0x000000070a600000|  0%| F|  |TAMS 0x000000070a400000, 0x000000070a400000| Untracked 
|  44|0x000000070a600000, 0x000000070a600000, 0x000000070a800000|  0%| F|  |TAMS 0x000000070a600000, 0x000000070a600000| Untracked 
|  45|0x000000070a800000, 0x000000070a800000, 0x000000070aa00000|  0%| F|  |TAMS 0x000000070a800000, 0x000000070a800000| Untracked 
|  46|0x000000070aa00000, 0x000000070aa00000, 0x000000070ac00000|  0%| F|  |TAMS 0x000000070aa00000, 0x000000070aa00000| Untracked 
|  47|0x000000070ac00000, 0x000000070ac00000, 0x000000070ae00000|  0%| F|  |TAMS 0x000000070ac00000, 0x000000070ac00000| Untracked 
|  48|0x000000070ae00000, 0x000000070ae00000, 0x000000070b000000|  0%| F|  |TAMS 0x000000070ae00000, 0x000000070ae00000| Untracked 
|  49|0x000000070b000000, 0x000000070b000000, 0x000000070b200000|  0%| F|  |TAMS 0x000000070b000000, 0x000000070b000000| Untracked 
|  50|0x000000070b200000, 0x000000070b200000, 0x000000070b400000|  0%| F|  |TAMS 0x000000070b200000, 0x000000070b200000| Untracked 
|  51|0x000000070b400000, 0x000000070b400000, 0x000000070b600000|  0%| F|  |TAMS 0x000000070b400000, 0x000000070b400000| Untracked 
|  52|0x000000070b600000, 0x000000070b600000, 0x000000070b800000|  0%| F|  |TAMS 0x000000070b600000, 0x000000070b600000| Untracked 
|  53|0x000000070b800000, 0x000000070b800000, 0x000000070ba00000|  0%| F|  |TAMS 0x000000070b800000, 0x000000070b800000| Untracked 
|  54|0x000000070ba00000, 0x000000070ba00000, 0x000000070bc00000|  0%| F|  |TAMS 0x000000070ba00000, 0x000000070ba00000| Untracked 
|  55|0x000000070bc00000, 0x000000070bc00000, 0x000000070be00000|  0%| F|  |TAMS 0x000000070bc00000, 0x000000070bc00000| Untracked 
|  56|0x000000070be00000, 0x000000070be00000, 0x000000070c000000|  0%| F|  |TAMS 0x000000070be00000, 0x000000070be00000| Untracked 
|  57|0x000000070c000000, 0x000000070c000000, 0x000000070c200000|  0%| F|  |TAMS 0x000000070c000000, 0x000000070c000000| Untracked 
|  58|0x000000070c200000, 0x000000070c200000, 0x000000070c400000|  0%| F|  |TAMS 0x000000070c200000, 0x000000070c200000| Untracked 
|  59|0x000000070c400000, 0x000000070c400000, 0x000000070c600000|  0%| F|  |TAMS 0x000000070c400000, 0x000000070c400000| Untracked 
|  60|0x000000070c600000, 0x000000070c600000, 0x000000070c800000|  0%| F|  |TAMS 0x000000070c600000, 0x000000070c600000| Untracked 
|  61|0x000000070c800000, 0x000000070c800000, 0x000000070ca00000|  0%| F|  |TAMS 0x000000070c800000, 0x000000070c800000| Untracked 
|  62|0x000000070ca00000, 0x000000070ca00000, 0x000000070cc00000|  0%| F|  |TAMS 0x000000070ca00000, 0x000000070ca00000| Untracked 
|  63|0x000000070cc00000, 0x000000070cc00000, 0x000000070ce00000|  0%| F|  |TAMS 0x000000070cc00000, 0x000000070cc00000| Untracked 
|  64|0x000000070ce00000, 0x000000070ce00000, 0x000000070d000000|  0%| F|  |TAMS 0x000000070ce00000, 0x000000070ce00000| Untracked 
|  65|0x000000070d000000, 0x000000070d000000, 0x000000070d200000|  0%| F|  |TAMS 0x000000070d000000, 0x000000070d000000| Untracked 
|  66|0x000000070d200000, 0x000000070d200000, 0x000000070d400000|  0%| F|  |TAMS 0x000000070d200000, 0x000000070d200000| Untracked 
|  67|0x000000070d400000, 0x000000070d400000, 0x000000070d600000|  0%| F|  |TAMS 0x000000070d400000, 0x000000070d400000| Untracked 
|  68|0x000000070d600000, 0x000000070d600000, 0x000000070d800000|  0%| F|  |TAMS 0x000000070d600000, 0x000000070d600000| Untracked 
|  69|0x000000070d800000, 0x000000070d800000, 0x000000070da00000|  0%| F|  |TAMS 0x000000070d800000, 0x000000070d800000| Untracked 
|  70|0x000000070da00000, 0x000000070da00000, 0x000000070dc00000|  0%| F|  |TAMS 0x000000070da00000, 0x000000070da00000| Untracked 
|  71|0x000000070dc00000, 0x000000070dc00000, 0x000000070de00000|  0%| F|  |TAMS 0x000000070dc00000, 0x000000070dc00000| Untracked 
|  72|0x000000070de00000, 0x000000070de00000, 0x000000070e000000|  0%| F|  |TAMS 0x000000070de00000, 0x000000070de00000| Untracked 
|  73|0x000000070e000000, 0x000000070e000000, 0x000000070e200000|  0%| F|  |TAMS 0x000000070e000000, 0x000000070e000000| Untracked 
|  74|0x000000070e200000, 0x000000070e200000, 0x000000070e400000|  0%| F|  |TAMS 0x000000070e200000, 0x000000070e200000| Untracked 
|  75|0x000000070e400000, 0x000000070e400000, 0x000000070e600000|  0%| F|  |TAMS 0x000000070e400000, 0x000000070e400000| Untracked 
|  76|0x000000070e600000, 0x000000070e600000, 0x000000070e800000|  0%| F|  |TAMS 0x000000070e600000, 0x000000070e600000| Untracked 
|  77|0x000000070e800000, 0x000000070e800000, 0x000000070ea00000|  0%| F|  |TAMS 0x000000070e800000, 0x000000070e800000| Untracked 
|  78|0x000000070ea00000, 0x000000070ea00000, 0x000000070ec00000|  0%| F|  |TAMS 0x000000070ea00000, 0x000000070ea00000| Untracked 
|  79|0x000000070ec00000, 0x000000070ec00000, 0x000000070ee00000|  0%| F|  |TAMS 0x000000070ec00000, 0x000000070ec00000| Untracked 
|  80|0x000000070ee00000, 0x000000070ee00000, 0x000000070f000000|  0%| F|  |TAMS 0x000000070ee00000, 0x000000070ee00000| Untracked 
|  81|0x000000070f000000, 0x000000070f000000, 0x000000070f200000|  0%| F|  |TAMS 0x000000070f000000, 0x000000070f000000| Untracked 
|  82|0x000000070f200000, 0x000000070f200000, 0x000000070f400000|  0%| F|  |TAMS 0x000000070f200000, 0x000000070f200000| Untracked 
|  83|0x000000070f400000, 0x000000070f400000, 0x000000070f600000|  0%| F|  |TAMS 0x000000070f400000, 0x000000070f400000| Untracked 
|  84|0x000000070f600000, 0x000000070f600000, 0x000000070f800000|  0%| F|  |TAMS 0x000000070f600000, 0x000000070f600000| Untracked 
|  85|0x000000070f800000, 0x000000070f800000, 0x000000070fa00000|  0%| F|  |TAMS 0x000000070f800000, 0x000000070f800000| Untracked 
|  86|0x000000070fa00000, 0x000000070fa00000, 0x000000070fc00000|  0%| F|  |TAMS 0x000000070fa00000, 0x000000070fa00000| Untracked 
|  87|0x000000070fc00000, 0x000000070fc00000, 0x000000070fe00000|  0%| F|  |TAMS 0x000000070fc00000, 0x000000070fc00000| Untracked 
|  88|0x000000070fe00000, 0x000000070fe00000, 0x0000000710000000|  0%| F|  |TAMS 0x000000070fe00000, 0x000000070fe00000| Untracked 
|  89|0x0000000710000000, 0x0000000710000000, 0x0000000710200000|  0%| F|  |TAMS 0x0000000710000000, 0x0000000710000000| Untracked 
|  90|0x0000000710200000, 0x0000000710200000, 0x0000000710400000|  0%| F|  |TAMS 0x0000000710200000, 0x0000000710200000| Untracked 
|  91|0x0000000710400000, 0x0000000710400000, 0x0000000710600000|  0%| F|  |TAMS 0x0000000710400000, 0x0000000710400000| Untracked 
|  92|0x0000000710600000, 0x0000000710600000, 0x0000000710800000|  0%| F|  |TAMS 0x0000000710600000, 0x0000000710600000| Untracked 
|  93|0x0000000710800000, 0x0000000710800000, 0x0000000710a00000|  0%| F|  |TAMS 0x0000000710800000, 0x0000000710800000| Untracked 
|  94|0x0000000710a00000, 0x0000000710a00000, 0x0000000710c00000|  0%| F|  |TAMS 0x0000000710a00000, 0x0000000710a00000| Untracked 
|  95|0x0000000710c00000, 0x0000000710c00000, 0x0000000710e00000|  0%| F|  |TAMS 0x0000000710c00000, 0x0000000710c00000| Untracked 
|  96|0x0000000710e00000, 0x0000000710e00000, 0x0000000711000000|  0%| F|  |TAMS 0x0000000710e00000, 0x0000000710e00000| Untracked 
|  97|0x0000000711000000, 0x0000000711000000, 0x0000000711200000|  0%| F|  |TAMS 0x0000000711000000, 0x0000000711000000| Untracked 
|  98|0x0000000711200000, 0x0000000711200000, 0x0000000711400000|  0%| F|  |TAMS 0x0000000711200000, 0x0000000711200000| Untracked 
|  99|0x0000000711400000, 0x0000000711400000, 0x0000000711600000|  0%| F|  |TAMS 0x0000000711400000, 0x0000000711400000| Untracked 
| 100|0x0000000711600000, 0x0000000711600000, 0x0000000711800000|  0%| F|  |TAMS 0x0000000711600000, 0x0000000711600000| Untracked 
| 101|0x0000000711800000, 0x0000000711800000, 0x0000000711a00000|  0%| F|  |TAMS 0x0000000711800000, 0x0000000711800000| Untracked 
| 102|0x0000000711a00000, 0x0000000711a00000, 0x0000000711c00000|  0%| F|  |TAMS 0x0000000711a00000, 0x0000000711a00000| Untracked 
| 103|0x0000000711c00000, 0x0000000711c00000, 0x0000000711e00000|  0%| F|  |TAMS 0x0000000711c00000, 0x0000000711c00000| Untracked 
| 104|0x0000000711e00000, 0x0000000711e00000, 0x0000000712000000|  0%| F|  |TAMS 0x0000000711e00000, 0x0000000711e00000| Untracked 
| 105|0x0000000712000000, 0x0000000712000000, 0x0000000712200000|  0%| F|  |TAMS 0x0000000712000000, 0x0000000712000000| Untracked 
| 106|0x0000000712200000, 0x0000000712200000, 0x0000000712400000|  0%| F|  |TAMS 0x0000000712200000, 0x0000000712200000| Untracked 
| 107|0x0000000712400000, 0x0000000712400000, 0x0000000712600000|  0%| F|  |TAMS 0x0000000712400000, 0x0000000712400000| Untracked 
| 108|0x0000000712600000, 0x0000000712600000, 0x0000000712800000|  0%| F|  |TAMS 0x0000000712600000, 0x0000000712600000| Untracked 
| 109|0x0000000712800000, 0x0000000712800000, 0x0000000712a00000|  0%| F|  |TAMS 0x0000000712800000, 0x0000000712800000| Untracked 
| 110|0x0000000712a00000, 0x0000000712a00000, 0x0000000712c00000|  0%| F|  |TAMS 0x0000000712a00000, 0x0000000712a00000| Untracked 
| 111|0x0000000712c00000, 0x0000000712c00000, 0x0000000712e00000|  0%| F|  |TAMS 0x0000000712c00000, 0x0000000712c00000| Untracked 
| 112|0x0000000712e00000, 0x0000000712e00000, 0x0000000713000000|  0%| F|  |TAMS 0x0000000712e00000, 0x0000000712e00000| Untracked 
| 113|0x0000000713000000, 0x0000000713200000, 0x0000000713200000|100%| S|CS|TAMS 0x0000000713000000, 0x0000000713000000| Complete 
| 114|0x0000000713200000, 0x0000000713400000, 0x0000000713400000|100%| S|CS|TAMS 0x0000000713200000, 0x0000000713200000| Complete 
| 115|0x0000000713400000, 0x0000000713400000, 0x0000000713600000|  0%| F|  |TAMS 0x0000000713400000, 0x0000000713400000| Untracked 
| 116|0x0000000713600000, 0x0000000713725220, 0x0000000713800000| 57%| E|  |TAMS 0x0000000713600000, 0x0000000713600000| Complete 
| 117|0x0000000713800000, 0x0000000713a00000, 0x0000000713a00000|100%| E|CS|TAMS 0x0000000713800000, 0x0000000713800000| Complete 
| 118|0x0000000713a00000, 0x0000000713c00000, 0x0000000713c00000|100%| E|CS|TAMS 0x0000000713a00000, 0x0000000713a00000| Complete 
| 119|0x0000000713c00000, 0x0000000713e00000, 0x0000000713e00000|100%| E|CS|TAMS 0x0000000713c00000, 0x0000000713c00000| Complete 
| 120|0x0000000713e00000, 0x0000000714000000, 0x0000000714000000|100%| E|CS|TAMS 0x0000000713e00000, 0x0000000713e00000| Complete 
| 121|0x0000000714000000, 0x0000000714200000, 0x0000000714200000|100%| E|CS|TAMS 0x0000000714000000, 0x0000000714000000| Complete 
| 122|0x0000000714200000, 0x0000000714400000, 0x0000000714400000|100%| E|CS|TAMS 0x0000000714200000, 0x0000000714200000| Complete 
| 123|0x0000000714400000, 0x0000000714600000, 0x0000000714600000|100%| E|CS|TAMS 0x0000000714400000, 0x0000000714400000| Complete 
| 124|0x0000000714600000, 0x0000000714800000, 0x0000000714800000|100%| E|CS|TAMS 0x0000000714600000, 0x0000000714600000| Complete 
| 125|0x0000000714800000, 0x0000000714a00000, 0x0000000714a00000|100%| E|CS|TAMS 0x0000000714800000, 0x0000000714800000| Complete 

Card table byte_map: [0x00000137f21c0000,0x00000137f29a0000] _byte_map_base: 0x00000137ee999000

Marking Bits (Prev, Next): (CMBitMap*) 0x00000137d87cf430, (CMBitMap*) 0x00000137d87cf470
 Prev Bits: [0x00000137f3180000, 0x00000137f7048000)
 Next Bits: [0x00000137f7050000, 0x00000137faf18000)

Polling page: 0x00000137d87f0000

Metaspace:

Usage:
  Non-class:     16.12 MB used.
      Class:      1.95 MB used.
       Both:     18.07 MB used.

Virtual space:
  Non-class space:       64.00 MB reserved,      16.19 MB ( 25%) committed,  1 nodes.
      Class space:        1.00 GB reserved,       2.06 MB ( <1%) committed,  1 nodes.
             Both:        1.06 GB reserved,      18.25 MB (  2%) committed. 

Chunk freelists:
   Non-Class:  15.17 MB
       Class:  13.95 MB
        Both:  29.12 MB

MaxMetaspaceSize: unlimited
CompressedClassSpaceSize: 1.00 GB
Initial GC threshold: 21.00 MB
Current GC threshold: 21.00 MB
CDS: off
MetaspaceReclaimPolicy: balanced
 - commit_granule_bytes: 65536.
 - commit_granule_words: 8192.
 - virtual_space_node_default_size: 8388608.
 - enlarge_chunks_in_place: 1.
 - new_chunks_are_fully_committed: 0.
 - uncommit_free_chunks: 1.
 - use_allocation_guard: 0.
 - handle_deallocations: 1.


Internal statistics:

num_allocs_failed_limit: 0.
num_arena_births: 184.
num_arena_deaths: 0.
num_vsnodes_births: 2.
num_vsnodes_deaths: 0.
num_space_committed: 292.
num_space_uncommitted: 0.
num_chunks_returned_to_freelist: 0.
num_chunks_taken_from_freelist: 525.
num_chunk_merges: 0.
num_chunk_splits: 319.
num_chunks_enlarged: 233.
num_inconsistent_stats: 0.

CodeHeap 'non-profiled nmethods': size=120000Kb used=603Kb max_used=603Kb free=119396Kb
 bounds [0x00000137e9850000, 0x00000137e9ac0000, 0x00000137f0d80000]
CodeHeap 'profiled nmethods': size=120000Kb used=2933Kb max_used=2933Kb free=117066Kb
 bounds [0x00000137e1d80000, 0x00000137e2060000, 0x00000137e92b0000]
CodeHeap 'non-nmethods': size=5760Kb used=1178Kb max_used=1206Kb free=4581Kb
 bounds [0x00000137e92b0000, 0x00000137e9520000, 0x00000137e9850000]
 total_blobs=2086 nmethods=1631 adapters=367
 compilation: enabled
              stopped_count=0, restarted_count=0
 full_count=0

Compilation events (20 events):
Event: 0.917 Thread 0x0000013780157680 1576       3       ch.qos.logback.core.subst.Parser::peekAtCurentToken (35 bytes)
Event: 0.917 Thread 0x0000013780157680 nmethod 1576 0x00000137e2042e10 code [0x00000137e2042fe0, 0x00000137e2043418]
Event: 0.917 Thread 0x0000013780157680 1577       3       java.util.HashMap$EntryIterator::next (5 bytes)
Event: 0.917 Thread 0x0000013780157680 nmethod 1577 0x00000137e2043510 code [0x00000137e20436c0, 0x00000137e2043848]
Event: 0.918 Thread 0x0000013780157680 1578       3       java.util.HashMap$EntryIterator::next (5 bytes)
Event: 0.918 Thread 0x0000013780157680 nmethod 1578 0x00000137e2043910 code [0x00000137e2043aa0, 0x00000137e2043be8]
Event: 0.918 Thread 0x0000013780157680 1575       3       java.lang.invoke.LambdaFormEditor::lambdaFormEditor (12 bytes)
Event: 0.918 Thread 0x0000013780157680 nmethod 1575 0x00000137e2043c90 code [0x00000137e2043e40, 0x00000137e20440e8]
Event: 0.918 Thread 0x0000013780157680 1579       3       java.lang.invoke.BoundMethodHandle::editor (8 bytes)
Event: 0.918 Thread 0x0000013780157680 nmethod 1579 0x00000137e2044210 code [0x00000137e20443e0, 0x00000137e2044788]
Event: 0.919 Thread 0x0000013780157680 1580       3       java.lang.invoke.DirectMethodHandle$Holder::invokeStatic (17 bytes)
Event: 0.919 Thread 0x0000013780157680 nmethod 1580 0x00000137e2044910 code [0x00000137e2044ae0, 0x00000137e2044f98]
Event: 0.919 Thread 0x0000013780157680 1581       3       java.lang.invoke.LambdaForm$MH/0x00000008000d0800::invoke (32 bytes)
Event: 0.919 Thread 0x0000013780157680 nmethod 1581 0x00000137e2045090 code [0x00000137e2045260, 0x00000137e2045738]
Event: 0.919 Thread 0x0000013780157680 1582       3       java.lang.invoke.DirectMethodHandle$Holder::invokeStatic (21 bytes)
Event: 0.919 Thread 0x0000013780157680 nmethod 1582 0x00000137e2045890 code [0x00000137e2045a60, 0x00000137e2045f78]
Event: 0.919 Thread 0x0000013780157680 1583       3       java.lang.StringConcatHelper::prepend (22 bytes)
Event: 0.919 Thread 0x0000013780157680 nmethod 1583 0x00000137e2046090 code [0x00000137e2046240, 0x00000137e20463d8]
Event: 0.919 Thread 0x0000013780157680 1584       1       java.util.logging.LogManager$LoggerContext::getOwner (5 bytes)
Event: 0.919 Thread 0x0000013780157680 nmethod 1584 0x00000137e98e3f90 code [0x00000137e98e4120, 0x00000137e98e41f8]

GC Heap History (2 events):
Event: 0.616 GC heap before
{Heap before GC invocations=0 (full 0):
 garbage-first heap   total 258048K, used 20480K [0x0000000704e00000, 0x0000000800000000)
  region size 2048K, 11 young (22528K), 0 survivors (0K)
 Metaspace       used 12631K, committed 12864K, reserved 1114112K
  class space    used 1221K, committed 1344K, reserved 1048576K
}
Event: 0.623 GC heap after
{Heap after GC invocations=1 (full 0):
 garbage-first heap   total 258048K, used 6508K [0x0000000704e00000, 0x0000000800000000)
  region size 2048K, 2 young (4096K), 2 survivors (4096K)
 Metaspace       used 12631K, committed 12864K, reserved 1114112K
  class space    used 1221K, committed 1344K, reserved 1048576K
}

Deoptimization events (20 events):
Event: 0.840 Thread 0x000001378516dc70 Uncommon trap: trap_request=0xffffffc6 fr.pc=0x00000137e98b30d8 relative=0x0000000000000578
Event: 0.840 Thread 0x000001378516dc70 Uncommon trap: reason=bimorphic_or_optimized_type_check action=maybe_recompile pc=0x00000137e98b30d8 method=java.util.concurrent.ConcurrentHashMap.get(Ljava/lang/Object;)Ljava/lang/Object; @ 149 c2
Event: 0.840 Thread 0x000001378516dc70 DEOPT PACKING pc=0x00000137e98b30d8 sp=0x00000034545fc660
Event: 0.840 Thread 0x000001378516dc70 DEOPT UNPACKING pc=0x00000137e9305ba3 sp=0x00000034545fc5f0 mode 2
Event: 0.879 Thread 0x000001378516dc70 Uncommon trap: trap_request=0xffffffc6 fr.pc=0x00000137e98afa18 relative=0x00000000000004b8
Event: 0.879 Thread 0x000001378516dc70 Uncommon trap: reason=bimorphic_or_optimized_type_check action=maybe_recompile pc=0x00000137e98afa18 method=java.util.HashMap.getNode(Ljava/lang/Object;)Ljava/util/HashMap$Node; @ 63 c2
Event: 0.879 Thread 0x000001378516dc70 DEOPT PACKING pc=0x00000137e98afa18 sp=0x00000034545fdbf0
Event: 0.879 Thread 0x000001378516dc70 DEOPT UNPACKING pc=0x00000137e9305ba3 sp=0x00000034545fdb68 mode 2
Event: 0.879 Thread 0x000001378516dc70 Uncommon trap: trap_request=0xffffffc6 fr.pc=0x00000137e98afa18 relative=0x00000000000004b8
Event: 0.879 Thread 0x000001378516dc70 Uncommon trap: reason=bimorphic_or_optimized_type_check action=maybe_recompile pc=0x00000137e98afa18 method=java.util.HashMap.getNode(Ljava/lang/Object;)Ljava/util/HashMap$Node; @ 63 c2
Event: 0.879 Thread 0x000001378516dc70 DEOPT PACKING pc=0x00000137e98afa18 sp=0x00000034545fdbf0
Event: 0.879 Thread 0x000001378516dc70 DEOPT UNPACKING pc=0x00000137e9305ba3 sp=0x00000034545fdb68 mode 2
Event: 0.881 Thread 0x000001378516dc70 Uncommon trap: trap_request=0xffffffc6 fr.pc=0x00000137e98afa18 relative=0x00000000000004b8
Event: 0.881 Thread 0x000001378516dc70 Uncommon trap: reason=bimorphic_or_optimized_type_check action=maybe_recompile pc=0x00000137e98afa18 method=java.util.HashMap.getNode(Ljava/lang/Object;)Ljava/util/HashMap$Node; @ 63 c2
Event: 0.881 Thread 0x000001378516dc70 DEOPT PACKING pc=0x00000137e98afa18 sp=0x00000034545fdbf0
Event: 0.881 Thread 0x000001378516dc70 DEOPT UNPACKING pc=0x00000137e9305ba3 sp=0x00000034545fdb68 mode 2
Event: 0.892 Thread 0x000001378516dc70 Uncommon trap: trap_request=0xffffffc6 fr.pc=0x00000137e98b30d8 relative=0x0000000000000578
Event: 0.892 Thread 0x000001378516dc70 Uncommon trap: reason=bimorphic_or_optimized_type_check action=maybe_recompile pc=0x00000137e98b30d8 method=java.util.concurrent.ConcurrentHashMap.get(Ljava/lang/Object;)Ljava/lang/Object; @ 149 c2
Event: 0.892 Thread 0x000001378516dc70 DEOPT PACKING pc=0x00000137e98b30d8 sp=0x00000034545fd970
Event: 0.892 Thread 0x000001378516dc70 DEOPT UNPACKING pc=0x00000137e9305ba3 sp=0x00000034545fd910 mode 2

Classes unloaded (0 events):
No events

Classes redefined (4 events):
Event: 0.308 Thread 0x00000137f19decb0 redefined class name=java.io.FileOutputStream, count=1
Event: 0.310 Thread 0x00000137f19decb0 redefined class name=java.nio.file.Files, count=1
Event: 0.312 Thread 0x00000137f19decb0 redefined class name=java.io.File, count=1
Event: 0.313 Thread 0x00000137f19decb0 redefined class name=java.net.URLStreamHandler, count=1

Internal exceptions (20 events):
Event: 0.762 Thread 0x000001378516dc70 Exception <a 'java/lang/NoSuchMethodError'{0x0000000714326530}: 'java.lang.Object java.lang.invoke.Invokers$Holder.invokeExact_MT(java.lang.Object, java.lang.Object, java.lang.Object, java.lang.Object, java.lang.Object, java.lang.Object)'> (0x0000000714326530) 
thrown [s\open\src\hotspot\share\interpreter\linkResolver.cpp, line 759]
Event: 0.772 Thread 0x000001378516dc70 Exception <a 'java/lang/NoSuchMethodError'{0x0000000714387220}: 'java.lang.Object java.lang.invoke.DirectMethodHandle$Holder.invokeSpecial(java.lang.Object, java.lang.Object, java.lang.Object, java.lang.Object, java.lang.Object, java.lang.Object, int)'> (0x0000000714387220) 
thrown [s\open\src\hotspot\share\interpreter\linkResolver.cpp, line 759]
Event: 0.773 Thread 0x000001378516dc70 Exception <a 'java/lang/NoSuchMethodError'{0x0000000714391788}: 'java.lang.Object java.lang.invoke.DirectMethodHandle$Holder.newInvokeSpecial(java.lang.Object, java.lang.Object, java.lang.Object, java.lang.Object, java.lang.Object, java.lang.Object, int)'> (0x0000000714391788) 
thrown [s\open\src\hotspot\share\interpreter\linkResolver.cpp, line 759]
Event: 0.773 Thread 0x000001378516dc70 Exception <a 'java/lang/NoSuchMethodError'{0x0000000714396a18}: 'java.lang.Object java.lang.invoke.DirectMethodHandle$Holder.invokeSpecial(java.lang.Object, java.lang.Object, java.lang.Object, java.lang.Object, java.lang.Object, java.lang.Object, java.lang.Object, int)'> (0x0000000714396a18) 
thrown [s\open\src\hotspot\share\interpreter\linkResolver.cpp, line 759]
Event: 0.792 Thread 0x000001378516dc70 Exception <a 'java/lang/NoSuchMethodError'{0x00000007140cd938}: 'int java.lang.invoke.DirectMethodHandle$Holder.invokeInterface(java.lang.Object, java.lang.Object)'> (0x00000007140cd938) 
thrown [s\open\src\hotspot\share\interpreter\linkResolver.cpp, line 759]
Event: 0.795 Thread 0x000001378516dc70 Exception <a 'java/lang/NoSuchMethodError'{0x00000007140f41f8}: 'void java.lang.invoke.DirectMethodHandle$Holder.invokeSpecial(java.lang.Object, java.lang.Object, java.lang.Object, java.lang.Object, java.lang.Object)'> (0x00000007140f41f8) 
thrown [s\open\src\hotspot\share\interpreter\linkResolver.cpp, line 759]
Event: 0.796 Thread 0x000001378516dc70 Exception <a 'java/lang/NoSuchMethodError'{0x00000007140fcbc0}: 'void java.lang.invoke.DirectMethodHandle$Holder.invokeStatic(java.lang.Object, java.lang.Object, java.lang.Object, java.lang.Object, java.lang.Object, java.lang.Object)'> (0x00000007140fcbc0) 
thrown [s\open\src\hotspot\share\interpreter\linkResolver.cpp, line 759]
Event: 0.849 Thread 0x000001378516dc70 Exception <a 'java/lang/NoSuchMethodError'{0x0000000713f73de8}: 'void java.lang.invoke.DirectMethodHandle$Holder.invokeSpecial(java.lang.Object, java.lang.Object, java.lang.Object, java.lang.Object, java.lang.Object, java.lang.Object)'> (0x0000000713f73de8) 
thrown [s\open\src\hotspot\share\interpreter\linkResolver.cpp, line 759]
Event: 0.861 Thread 0x000001378516dc70 Exception <a 'java/lang/NoSuchMethodError'{0x0000000713c14558}: 'java.lang.Object java.lang.invoke.DirectMethodHandle$Holder.invokeSpecial(java.lang.Object, java.lang.Object, java.lang.Object, int, java.lang.Object)'> (0x0000000713c14558) 
thrown [s\open\src\hotspot\share\interpreter\linkResolver.cpp, line 759]
Event: 0.862 Thread 0x000001378516dc70 Exception <a 'java/lang/NoSuchMethodError'{0x0000000713c1fb68}: 'java.lang.Object java.lang.invoke.DirectMethodHandle$Holder.newInvokeSpecial(java.lang.Object, java.lang.Object, java.lang.Object, int, java.lang.Object)'> (0x0000000713c1fb68) 
thrown [s\open\src\hotspot\share\interpreter\linkResolver.cpp, line 759]
Event: 0.863 Thread 0x000001378516dc70 Exception <a 'java/lang/NoSuchMethodError'{0x0000000713c36258}: 'java.lang.Object java.lang.invoke.DirectMethodHandle$Holder.newInvokeSpecial(java.lang.Object, int, java.lang.Object)'> (0x0000000713c36258) 
thrown [s\open\src\hotspot\share\interpreter\linkResolver.cpp, line 759]
Event: 0.864 Thread 0x000001378516dc70 Exception <a 'java/lang/NoSuchMethodError'{0x0000000713c3af38}: 'int java.lang.invoke.DirectMethodHandle$Holder.invokeSpecialIFC(java.lang.Object, java.lang.Object, java.lang.Object, java.lang.Object)'> (0x0000000713c3af38) 
thrown [s\open\src\hotspot\share\interpreter\linkResolver.cpp, line 759]
Event: 0.875 Thread 0x000001378516dc70 Exception <a 'java/lang/NoSuchMethodError'{0x0000000713d06068}: 'void java.lang.invoke.DirectMethodHandle$Holder.invokeInterface(java.lang.Object, java.lang.Object, java.lang.Object)'> (0x0000000713d06068) 
thrown [s\open\src\hotspot\share\interpreter\linkResolver.cpp, line 759]
Event: 0.888 Thread 0x000001378516dc70 Exception <a 'java/lang/NoSuchMethodError'{0x0000000713db9690}: 'void java.lang.invoke.DirectMethodHandle$Holder.invokeStaticInit(java.lang.Object, java.lang.Object, java.lang.Object)'> (0x0000000713db9690) 
thrown [s\open\src\hotspot\share\interpreter\linkResolver.cpp, line 759]
Event: 0.891 Thread 0x000001378516dc70 Exception <a 'java/lang/NoSuchMethodError'{0x0000000713a041b0}: 'java.lang.Object java.lang.invoke.DirectMethodHandle$Holder.invokeVirtual(java.lang.Object, java.lang.Object, java.lang.Object)'> (0x0000000713a041b0) 
thrown [s\open\src\hotspot\share\interpreter\linkResolver.cpp, line 759]
Event: 0.894 Thread 0x000001378516dc70 Exception <a 'java/lang/NoSuchMethodError'{0x0000000713a25540}: 'java.lang.Object java.lang.invoke.DirectMethodHandle$Holder.invokeStatic(java.lang.Object, java.lang.Object, long, java.lang.Object)'> (0x0000000713a25540) 
thrown [s\open\src\hotspot\share\interpreter\linkResolver.cpp, line 759]
Event: 0.894 Thread 0x000001378516dc70 Exception <a 'java/lang/NoSuchMethodError'{0x0000000713a28fd8}: 'java.lang.Object java.lang.invoke.DirectMethodHandle$Holder.invokeStaticInit(java.lang.Object, java.lang.Object, long, java.lang.Object)'> (0x0000000713a28fd8) 
thrown [s\open\src\hotspot\share\interpreter\linkResolver.cpp, line 759]
Event: 0.895 Thread 0x000001378516dc70 Exception <a 'java/lang/NoSuchMethodError'{0x0000000713a2f6e0}: 'java.lang.Object java.lang.invoke.DirectMethodHandle$Holder.newInvokeSpecial(java.lang.Object, java.lang.Object, long)'> (0x0000000713a2f6e0) 
thrown [s\open\src\hotspot\share\interpreter\linkResolver.cpp, line 759]
Event: 0.895 Thread 0x000001378516dc70 Exception <a 'java/lang/NoSuchMethodError'{0x0000000713a33250}: 'java.lang.Object java.lang.invoke.Invokers$Holder.linkToTargetMethod(java.lang.Object, long, java.lang.Object)'> (0x0000000713a33250) 
thrown [s\open\src\hotspot\share\interpreter\linkResolver.cpp, line 759]
Event: 0.909 Thread 0x000001378516dc70 Exception <a 'java/lang/NoSuchMethodError'{0x0000000713a94190}: 'void java.lang.invoke.DirectMethodHandle$Holder.invokeVirtual(java.lang.Object, java.lang.Object, java.lang.Object, java.lang.Object)'> (0x0000000713a94190) 
thrown [s\open\src\hotspot\share\interpreter\linkResolver.cpp, line 759]

VM Operations (20 events):
Event: 0.310 Executing VM operation: RedefineClasses
Event: 0.311 Executing VM operation: RedefineClasses done
Event: 0.312 Executing VM operation: RedefineClasses
Event: 0.312 Executing VM operation: RedefineClasses done
Event: 0.313 Executing VM operation: RedefineClasses
Event: 0.314 Executing VM operation: RedefineClasses done
Event: 0.318 Executing VM operation: HandshakeAllThreads
Event: 0.319 Executing VM operation: HandshakeAllThreads done
Event: 0.342 Executing VM operation: HandshakeAllThreads
Event: 0.342 Executing VM operation: HandshakeAllThreads done
Event: 0.350 Executing VM operation: HandshakeAllThreads
Event: 0.350 Executing VM operation: HandshakeAllThreads done
Event: 0.435 Executing VM operation: HandshakeAllThreads
Event: 0.436 Executing VM operation: HandshakeAllThreads done
Event: 0.616 Executing VM operation: G1CollectForAllocation
Event: 0.623 Executing VM operation: G1CollectForAllocation done
Event: 0.664 Executing VM operation: HandshakeAllThreads
Event: 0.664 Executing VM operation: HandshakeAllThreads done
Event: 0.917 Executing VM operation: ICBufferFull
Event: 0.917 Executing VM operation: ICBufferFull done

Events (20 events):
Event: 0.898 loading class java/util/concurrent/SynchronousQueue$TransferStack
Event: 0.898 loading class java/util/concurrent/SynchronousQueue$Transferer
Event: 0.898 loading class java/util/concurrent/SynchronousQueue$Transferer done
Event: 0.898 loading class java/util/concurrent/SynchronousQueue$TransferStack done
Event: 0.898 loading class java/util/concurrent/SynchronousQueue$TransferStack$SNode
Event: 0.898 loading class java/util/concurrent/ForkJoinPool$ManagedBlocker
Event: 0.898 loading class java/util/concurrent/ForkJoinPool$ManagedBlocker done
Event: 0.898 loading class java/util/concurrent/SynchronousQueue$TransferStack$SNode done
Event: 0.907 loading class java/util/concurrent/ScheduledExecutorService
Event: 0.907 loading class java/util/concurrent/ScheduledExecutorService done
Event: 0.907 loading class java/util/concurrent/Executors$DefaultThreadFactory
Event: 0.908 loading class java/util/concurrent/Executors$DefaultThreadFactory done
Event: 0.916 loading class java/util/Stack
Event: 0.916 loading class java/util/Stack done
Event: 0.916 loading class java/util/Vector$Itr
Event: 0.916 loading class java/util/Vector$Itr done
Event: 0.918 loading class java/util/logging/Logger$SystemLoggerHelper
Event: 0.918 loading class java/util/logging/Logger$SystemLoggerHelper done
Event: 0.918 loading class java/util/logging/Logger$SystemLoggerHelper$1
Event: 0.918 loading class java/util/logging/Logger$SystemLoggerHelper$1 done


Dynamic libraries:
0x00007ff6550a0000 - 0x00007ff6550b0000 	C:\Program Files\Java\jdk-17\bin\java.exe
0x00007ffc7dad0000 - 0x00007ffc7dce6000 	C:\Windows\SYSTEM32\ntdll.dll
0x00007ffc7d810000 - 0x00007ffc7d8d4000 	C:\Windows\System32\KERNEL32.DLL
0x00007ffc7d460000 - 0x00007ffc7d806000 	C:\Windows\System32\KERNELBASE.dll
0x0000000074340000 - 0x000000007437b000 	C:\Windows\System32\cyinjct.dll
0x00007ffc7d2f0000 - 0x00007ffc7d2fc000 	C:\Windows\System32\ntnativeapi.dll
0x00007ffc6df10000 - 0x00007ffc6df29000 	C:\Program Files\Java\jdk-17\bin\jli.dll
0x00007ffc7c4a0000 - 0x00007ffc7c552000 	C:\Windows\System32\ADVAPI32.dll
0x00007ffc7c230000 - 0x00007ffc7c2d7000 	C:\Windows\System32\msvcrt.dll
0x00007ffc7ccb0000 - 0x00007ffc7cd58000 	C:\Windows\System32\sechost.dll
0x00007ffc7b090000 - 0x00007ffc7b0b8000 	C:\Windows\System32\bcrypt.dll
0x00007ffc7d340000 - 0x00007ffc7d455000 	C:\Windows\System32\RPCRT4.dll
0x00000137d83f0000 - 0x00000137d859d000 	C:\Windows\System32\USER32.dll
0x00007ffc7adb0000 - 0x00007ffc7add6000 	C:\Windows\System32\win32u.dll
0x00007ffc7c200000 - 0x00007ffc7c229000 	C:\Windows\System32\GDI32.dll
0x00007ffc7ade0000 - 0x00007ffc7aef8000 	C:\Windows\System32\gdi32full.dll
0x00007ffc7b0c0000 - 0x00007ffc7b15a000 	C:\Windows\System32\msvcp_win.dll
0x00000137d85a0000 - 0x00000137d86b1000 	C:\Windows\System32\ucrtbase.dll
0x00007ffc6d160000 - 0x00007ffc6d17b000 	C:\Program Files\Java\jdk-17\bin\VCRUNTIME140.dll
0x00007ffc5cf00000 - 0x00007ffc5d193000 	C:\Windows\WinSxS\amd64_microsoft.windows.common-controls_6595b64144ccf1df_6.0.22621.3235_none_270f74e173860f98\COMCTL32.dll
0x00007ffc670b0000 - 0x00007ffc670ba000 	C:\Windows\SYSTEM32\VERSION.dll
0x00007ffc7d2d0000 - 0x00007ffc7d2ee000 	C:\Windows\System32\cyvera.dll
0x00007ffc7d260000 - 0x00007ffc7d2ce000 	C:\Windows\System32\cyvrtrap.dll
0x00007ffc7ced0000 - 0x00007ffc7cf01000 	C:\Windows\System32\IMM32.DLL
0x00007ffc18eb0000 - 0x00007ffc18f61000 	C:\Program Files\McAfee\Endpoint Security\Threat Prevention\Ips\EpMPApi.dll
0x00007ffc7af00000 - 0x00007ffc7af6b000 	C:\Windows\System32\WINTRUST.dll
0x00007ffc7b160000 - 0x00007ffc7b2c6000 	C:\Windows\System32\CRYPT32.dll
0x00007ffc7a500000 - 0x00007ffc7a512000 	C:\Windows\SYSTEM32\MSASN1.dll
0x0000000063e30000 - 0x0000000063e3c000 	C:\Program Files\McAfee\Endpoint Security\Threat Prevention\Ips\EpMPThe.dll
0x00007ffc18dd0000 - 0x00007ffc18e2c000 	C:\Program Files\McAfee\Endpoint Security\Threat Prevention\Ips\HIPHandlers64.dll
0x00007ffc7b350000 - 0x00007ffc7bbad000 	C:\Windows\System32\SHELL32.dll
0x00007ffc7d030000 - 0x00007ffc7d08e000 	C:\Windows\System32\SHLWAPI.dll
0x00007ffc79480000 - 0x00007ffc794ad000 	C:\Windows\SYSTEM32\IPHLPAPI.DLL
0x00007ffc78410000 - 0x00007ffc78643000 	C:\Windows\SYSTEM32\dbghelp.dll
0x00007ffc7c5e0000 - 0x00007ffc7c968000 	C:\Windows\System32\combase.dll
0x00007ffc7cdf0000 - 0x00007ffc7cec7000 	C:\Windows\System32\OLEAUT32.dll
0x00007ffc744f0000 - 0x00007ffc744fc000 	C:\Program Files\Java\jdk-17\bin\vcruntime140_1.dll
0x00007ffc574c0000 - 0x00007ffc5754e000 	C:\Program Files\Java\jdk-17\bin\msvcp140.dll
0x00007ffc27660000 - 0x00007ffc28241000 	C:\Program Files\Java\jdk-17\bin\server\jvm.dll
0x00007ffc7cf10000 - 0x00007ffc7cf18000 	C:\Windows\System32\PSAPI.DLL
0x00007ffc4fa60000 - 0x00007ffc4fa69000 	C:\Windows\SYSTEM32\WSOCK32.dll
0x00007ffc7c560000 - 0x00007ffc7c5d1000 	C:\Windows\System32\WS2_32.dll
0x00007ffc6db60000 - 0x00007ffc6db94000 	C:\Windows\SYSTEM32\WINMM.dll
0x00007ffc79c00000 - 0x00007ffc79c18000 	C:\Windows\SYSTEM32\kernel.appcore.dll
0x00007ffc6ec40000 - 0x00007ffc6ec4a000 	C:\Program Files\Java\jdk-17\bin\jimage.dll
0x00007ffc544f0000 - 0x00007ffc54522000 	C:\Windows\SYSTEM32\dbgcore.DLL
0x00007ffc7b2d0000 - 0x00007ffc7b34a000 	C:\Windows\System32\bcryptPrimitives.dll
0x00007ffc5b8e0000 - 0x00007ffc5b8ee000 	C:\Program Files\Java\jdk-17\bin\instrument.dll
0x00007ffc5c1a0000 - 0x00007ffc5c1c5000 	C:\Program Files\Java\jdk-17\bin\java.dll
0x00007ffc7d220000 - 0x00007ffc7d257000 	C:\Program Files\Palo Alto Networks\Traps\cyjagent.dll
0x00007ffc4bb40000 - 0x00007ffc4bc17000 	C:\Program Files\Java\jdk-17\bin\jsvml.dll
0x00007ffc78a30000 - 0x00007ffc79328000 	C:\Windows\SYSTEM32\windows.storage.dll
0x00007ffc787f0000 - 0x00007ffc7892e000 	C:\Windows\SYSTEM32\wintypes.dll
0x00007ffc7cf30000 - 0x00007ffc7d023000 	C:\Windows\System32\SHCORE.dll
0x00007ffc7ac20000 - 0x00007ffc7ac46000 	C:\Windows\SYSTEM32\profapi.dll
0x00007ffc5bb80000 - 0x00007ffc5bb98000 	C:\Program Files\Java\jdk-17\bin\zip.dll
0x00007ffc6d000000 - 0x00007ffc6d019000 	C:\Program Files\Java\jdk-17\bin\net.dll
0x00007ffc79c20000 - 0x00007ffc79d57000 	C:\Windows\SYSTEM32\WINHTTP.dll
0x00007ffc7a1b0000 - 0x00007ffc7a219000 	C:\Windows\system32\mswsock.dll
0x00007ffc5bba0000 - 0x00007ffc5bbb6000 	C:\Program Files\Java\jdk-17\bin\nio.dll
0x00007ffc5b8c0000 - 0x00007ffc5b8da000 	C:\Program Files\JetBrains\IntelliJ IDEA Community Edition 2024.2.1\bin\breakgen64.dll
0x00007ffc5b910000 - 0x00007ffc5b91a000 	C:\Program Files\Java\jdk-17\bin\management.dll
0x00007ffc5b900000 - 0x00007ffc5b90b000 	C:\Program Files\Java\jdk-17\bin\management_ext.dll

dbghelp: loaded successfully - version: 4.0.5 - missing functions: none
symbol engine: initialized successfully - sym options: 0x614 - pdb path: .;C:\Program Files\Java\jdk-17\bin;C:\Windows\SYSTEM32;C:\Windows\WinSxS\amd64_microsoft.windows.common-controls_6595b64144ccf1df_6.0.22621.3235_none_270f74e173860f98;C:\Program Files\McAfee\Endpoint Security\Threat Prevention\Ips;C:\Program Files\Java\jdk-17\bin\server;C:\Program Files\Palo Alto Networks\Traps;C:\Program Files\JetBrains\IntelliJ IDEA Community Edition 2024.2.1\bin

VM Arguments:
jvm_args: -javaagent:C:\Program Files\JetBrains\IntelliJ IDEA Community Edition 2024.2.1\lib\idea_rt.jar=63449:C:\Program Files\JetBrains\IntelliJ IDEA Community Edition 2024.2.1\bin -Dfile.encoding=UTF-8 -agentpath:C:\Program Files\Palo Alto Networks\Traps\cyjagent.dll 
java_command: com.talknow.message.MessageApplication
java_class_path (initial): D:\Spring\talknow-master\backend\Message\target\classes;C:\Users\adarshu\.m2\repository\org\springframework\boot\spring-boot-starter-actuator\3.3.3\spring-boot-starter-actuator-3.3.3.jar;C:\Users\adarshu\.m2\repository\org\springframework\boot\spring-boot-starter\3.3.3\spring-boot-starter-3.3.3.jar;C:\Users\adarshu\.m2\repository\jakarta\annotation\jakarta.annotation-api\2.1.1\jakarta.annotation-api-2.1.1.jar;C:\Users\adarshu\.m2\repository\org\yaml\snakeyaml\2.2\snakeyaml-2.2.jar;C:\Users\adarshu\.m2\repository\org\springframework\boot\spring-boot-actuator-autoconfigure\3.3.3\spring-boot-actuator-autoconfigure-3.3.3.jar;C:\Users\adarshu\.m2\repository\org\springframework\boot\spring-boot-actuator\3.3.3\spring-boot-actuator-3.3.3.jar;C:\Users\adarshu\.m2\repository\com\fasterxml\jackson\core\jackson-databind\2.17.2\jackson-databind-2.17.2.jar;C:\Users\adarshu\.m2\repository\com\fasterxml\jackson\core\jackson-annotations\2.17.2\jackson-annotations-2.17.2.jar;C:\Users\adarshu\.m2\repository\com\fasterxml\jackson\core\jackson-core\2.17.2\jackson-core-2.17.2.jar;C:\Users\adarshu\.m2\repository\com\fasterxml\jackson\datatype\jackson-datatype-jsr310\2.17.2\jackson-datatype-jsr310-2.17.2.jar;C:\Users\adarshu\.m2\repository\io\micrometer\micrometer-observation\1.13.3\micrometer-observation-1.13.3.jar;C:\Users\adarshu\.m2\repository\io\micrometer\micrometer-commons\1.13.3\micrometer-commons-1.13.3.jar;C:\Users\adarshu\.m2\repository\io\micrometer\micrometer-jakarta9\1.13.3\micrometer-jakarta9-1.13.3.jar;C:\Users\adarshu\.m2\repository\io\micrometer\micrometer-core\1.13.3\micrometer-core-1.13.3.jar;C:\Users\adarshu\.m2\repository\org\hdrhistogram\HdrHistogram\2.2.2\HdrHistogram-2.2.2.jar;C:\Users\adarshu\.m2\repository\org\latencyutils\LatencyUtils\2.0.3\LatencyUtils-2.0.3.jar;C:\Users\adarshu\.m2\repository\org\springframework\boot\spring-boot-starter-data-jpa\3.3.3\spring-boot-starter-data-jpa-3.3.3.jar;C:\Users\adarshu\.m2\repository\org\spring
Launcher Type: SUN_STANDARD

[Global flags]
     intx CICompilerCount                          = 4                                         {product} {ergonomic}
     uint ConcGCThreads                            = 2                                         {product} {ergonomic}
     uint G1ConcRefinementThreads                  = 8                                         {product} {ergonomic}
   size_t G1HeapRegionSize                         = 2097152                                   {product} {ergonomic}
    uintx GCDrainStackTargetSize                   = 64                                        {product} {ergonomic}
   size_t InitialHeapSize                          = 264241152                                 {product} {ergonomic}
   size_t MarkStackSize                            = 4194304                                   {product} {ergonomic}
   size_t MaxHeapSize                              = 4213178368                                {product} {ergonomic}
   size_t MaxNewSize                               = 2527068160                                {product} {ergonomic}
   size_t MinHeapDeltaBytes                        = 2097152                                   {product} {ergonomic}
   size_t MinHeapSize                              = 8388608                                   {product} {ergonomic}
    uintx NonNMethodCodeHeapSize                   = 5839372                                {pd product} {ergonomic}
    uintx NonProfiledCodeHeapSize                  = 122909434                              {pd product} {ergonomic}
    uintx ProfiledCodeHeapSize                     = 122909434                              {pd product} {ergonomic}
    uintx ReservedCodeCacheSize                    = 251658240                              {pd product} {ergonomic}
     bool SegmentedCodeCache                       = true                                      {product} {ergonomic}
   size_t SoftMaxHeapSize                          = 4213178368                             {manageable} {ergonomic}
     bool UseCompressedClassPointers               = true                           {product lp64_product} {ergonomic}
     bool UseCompressedOops                        = true                           {product lp64_product} {ergonomic}
     bool UseG1GC                                  = true                                      {product} {ergonomic}
     bool UseLargePagesIndividualAllocation        = false                                  {pd product} {ergonomic}

Logging:
Log output configuration:
 #0: stdout all=warning uptime,level,tags
 #1: stderr all=off uptime,level,tags

Environment Variables:
JAVA_HOME=C:\Program Files\Java\jdk-17
PATH=;C:\Windows\system32\config\systemprofile\AppData\Roaming\nvm;C:\Program Files\nodejs;C:\Program Files (x86)\Yarn\bin\;C:\Program Files\nodejs\;C:\Program Files\Python312\;C:\Program Files\Python312\Scripts\;C:\Program Files\MySQL\MySQL Server 8.2\bin;C:\Users\adarshu\AppData\Local\Microsoft\WindowsApps;D:\Programs File\apache-maven-3.9.5\bin;C:\Program Files\Git\bin;C:\Program Files\Microsoft VS Code\bin;C:\Program Files\Java\jdk-17\bin;D:\work\vtp\dist;C:\Program Files (x86)\Yarn\bin;C:\Windows\System32\WindowsPowerShell\v1.0;C:\Users\adarshu\AppData\Roaming\npm
USERNAME=adarshu
OS=Windows_NT
PROCESSOR_IDENTIFIER=Intel64 Family 6 Model 140 Stepping 1, GenuineIntel



---------------  S Y S T E M  ---------------

OS:
 Windows 11 , 64 bit Build 22621 (10.0.22621.3235)
OS uptime: 0 days 5:27 hours
Hyper-V role detected

CPU: total 8 (initial active 8) (4 cores per cpu, 2 threads per core) family 6 model 140 stepping 1 microcode 0xb6, cx8, cmov, fxsr, ht, mmx, 3dnowpref, sse, sse2, sse3, ssse3, sse4.1, sse4.2, popcnt, lzcnt, tsc, tscinvbit, avx, avx2, aes, erms, clmul, bmi1, bmi2, adx, avx512f, avx512dq, avx512cd, avx512bw, avx512vl, sha, fma, vzeroupper, avx512_vpopcntdq, avx512_vpclmulqdq, avx512_vaes, avx512_vnni, clflush, clflushopt, clwb, avx512_vbmi2, avx512_vbmi, hv

Memory: 4k page, system-wide physical 16064M (3807M free)
TotalPageFile size 16064M (AvailPageFile size 1M)
current process WorkingSet (physical memory assigned to process): 94M, peak: 94M
current process commit charge ("private bytes"): 367M, peak: 367M

vm_info: Java HotSpot(TM) 64-Bit Server VM (17.0.9+11-LTS-201) for windows-amd64 JRE (17.0.9+11-LTS-201), built on Oct 10 2023 23:16:06 by "mach5one" with MS VC++ 17.1 (VS2022)

END.
