#
# There is insufficient memory for the Java Runtime Environment to continue.
# Native memory allocation (malloc) failed to allocate 380000 bytes. Error detail: Chunk::new
# Possible reasons:
#   The system is out of physical RAM or swap space
#   This process is running with CompressedOops enabled, and the Java Heap may be blocking the growth of the native heap
# Possible solutions:
#   Reduce memory load on the system
#   Increase physical memory or swap space
#   Check if swap backing store is full
#   Decrease Java heap size (-Xmx/-Xms)
#   Decrease number of Java threads
#   Decrease Java thread stack sizes (-Xss)
#   Set larger code cache with -XX:ReservedCodeCacheSize=
#   JVM is running with Unscaled Compressed Oops mode in which the Java heap is
#     placed in the first 4GB address space. The Java Heap base address is the
#     maximum limit for the native heap growth. Please use -XX:HeapBaseMinAddress
#     to set the Java Heap base and to place the Java Heap above 4GB virtual address.
# This output file may be truncated or incomplete.
#
#  Out of Memory Error (arena.cpp:191), pid=19040, tid=21912
#
# JRE version: OpenJDK Runtime Environment Temurin-17.0.12+7 (17.0.12+7) (build 17.0.12+7)
# Java VM: OpenJDK 64-Bit Server VM Temurin-17.0.12+7 (17.0.12+7, mixed mode, tiered, compressed oops, compressed class ptrs, parallel gc, windows-amd64)
# No core dump will be written. Minidumps are not enabled by default on client versions of Windows
#

---------------  S U M M A R Y ------------

Command Line: --add-modules=ALL-SYSTEM --add-opens=java.base/java.util=ALL-UNNAMED --add-opens=java.base/java.lang=ALL-UNNAMED --add-opens=java.base/sun.nio.fs=ALL-UNNAMED -Declipse.application=org.eclipse.jdt.ls.core.id1 -Dosgi.bundles.defaultStartLevel=4 -Declipse.product=org.eclipse.jdt.ls.core.product -Djava.import.generatesMetadataFilesAtProjectRoot=false -DDetectVMInstallationsJob.disabled=true -Dfile.encoding=utf8 -XX:+UseParallelGC -XX:GCTimeRatio=4 -XX:AdaptiveSizePolicyWeight=90 -Dsun.zip.disableMemoryMapping=true -Xmx1G -Xms100m -Xlog:disable -javaagent:c:\Users\adarshu\.vscode\extensions\redhat.java-1.34.0-win32-x64\lombok\lombok-1.18.33.jar -XX:+HeapDumpOnOutOfMemoryError -XX:HeapDumpPath=c:\Users\adarshu\AppData\Roaming\Code\User\workspaceStorage\489aa18789a45c1c609e8547b1e70f27\redhat.java -Daether.dependencyCollector.impl=bf -agentpath:C:\Program Files\Palo Alto Networks\Traps\cyjagent.dll c:\Users\adarshu\.vscode\extensions\redhat.java-1.34.0-win32-x64\server\plugins\org.eclipse.equinox.launcher_1.6.900.v20240613-2009.jar -configuration c:\Users\adarshu\AppData\Roaming\Code\User\globalStorage\redhat.java\1.34.0\config_win -data c:\Users\adarshu\AppData\Roaming\Code\User\workspaceStorage\489aa18789a45c1c609e8547b1e70f27\redhat.java\jdt_ws --pipe=\\.\pipe\lsp-ed1646f7a9c52d92efefce6ef3514635-sock

Host: 11th Gen Intel(R) Core(TM) i5-1135G7 @ 2.40GHz, 8 cores, 15G,  Windows 11 , 64 bit Build 22621 (10.0.22621.3235)
Time: Tue Sep 24 11:33:27 2024 India Standard Time elapsed time: 7.155554 seconds (0d 0h 0m 7s)

---------------  T H R E A D  ---------------

Current thread (0x0000025f8627c450):  JavaThread "C2 CompilerThread1" daemon [_thread_in_native, id=21912, stack(0x000000fbc2800000,0x000000fbc2900000)]


Current CompileTask:
C2:   7155 5535       4       sun.nio.fs.WindowsPathParser::normalize (233 bytes)

Stack: [0x000000fbc2800000,0x000000fbc2900000]
Native frames: (J=compiled Java code, j=interpreted, Vv=VM code, C=native code)
V  [jvm.dll+0x67f929]
V  [jvm.dll+0x8371ba]
V  [jvm.dll+0x838c7e]
V  [jvm.dll+0x8392e3]
V  [jvm.dll+0x24834f]
V  [jvm.dll+0xac9d4]
V  [jvm.dll+0xad01c]
V  [jvm.dll+0x3674a7]
V  [jvm.dll+0x33197a]
V  [jvm.dll+0x330e1a]
V  [jvm.dll+0x21a8b1]
V  [jvm.dll+0x219cf1]
V  [jvm.dll+0x1a58bd]
V  [jvm.dll+0x229a2d]
V  [jvm.dll+0x227bdc]
V  [jvm.dll+0x7ec1f7]
V  [jvm.dll+0x7e65dc]
V  [jvm.dll+0x67e7f7]
C  [ucrtbase.dll+0x29363]
C  [cyinjct.dll+0x11e7]
C  [KERNEL32.DLL+0x1257d]
C  [ntdll.dll+0x5aa58]


---------------  P R O C E S S  ---------------

Threads class SMR info:
_java_thread_list=0x0000025f88de3af0, length=39, elements={
0x0000025fe8f589d0, 0x0000025fff1674d0, 0x0000025fff168910, 0x0000025fffbe9270,
0x0000025fffbe9b40, 0x0000025fffbed390, 0x0000025fffc15460, 0x0000025fffc188c0,
0x0000025fffc19a20, 0x0000025fffc26b10, 0x0000025fffce2c30, 0x0000025ffff09bc0,
0x0000025f85dfa850, 0x0000025f85c23130, 0x0000025f860c7aa0, 0x0000025f861cec70,
0x0000025f8655d250, 0x0000025f865bad30, 0x0000025f86437060, 0x0000025f8643a810,
0x0000025f86437f90, 0x0000025f8627c450, 0x0000025f86437a80, 0x0000025f864384a0,
0x0000025f864389b0, 0x0000025f88361080, 0x0000025f864393d0, 0x0000025f864398e0,
0x0000025f86439df0, 0x0000025f8643a300, 0x0000025f86c580a0, 0x0000025f86c55d30,
0x0000025f86c57680, 0x0000025f86c585b0, 0x0000025f86c534b0, 0x0000025f86c594e0,
0x0000025f86c57b90, 0x0000025f86c58fd0, 0x0000025f86c599f0
}

Java Threads: ( => current thread )
  0x0000025fe8f589d0 JavaThread "main" [_thread_blocked, id=2812, stack(0x000000fbc0900000,0x000000fbc0a00000)]
  0x0000025fff1674d0 JavaThread "Reference Handler" daemon [_thread_blocked, id=14808, stack(0x000000fbc0c00000,0x000000fbc0d00000)]
  0x0000025fff168910 JavaThread "Finalizer" daemon [_thread_blocked, id=21096, stack(0x000000fbc0d00000,0x000000fbc0e00000)]
  0x0000025fffbe9270 JavaThread "Signal Dispatcher" daemon [_thread_blocked, id=3972, stack(0x000000fbc0e00000,0x000000fbc0f00000)]
  0x0000025fffbe9b40 JavaThread "Attach Listener" daemon [_thread_blocked, id=15188, stack(0x000000fbc0f00000,0x000000fbc1000000)]
  0x0000025fffbed390 JavaThread "Service Thread" daemon [_thread_blocked, id=2164, stack(0x000000fbc1000000,0x000000fbc1100000)]
  0x0000025fffc15460 JavaThread "Monitor Deflation Thread" daemon [_thread_blocked, id=16692, stack(0x000000fbc1100000,0x000000fbc1200000)]
  0x0000025fffc188c0 JavaThread "C2 CompilerThread0" daemon [_thread_in_native, id=16504, stack(0x000000fbc1200000,0x000000fbc1300000)]
  0x0000025fffc19a20 JavaThread "C1 CompilerThread0" daemon [_thread_blocked, id=16192, stack(0x000000fbc1300000,0x000000fbc1400000)]
  0x0000025fffc26b10 JavaThread "Sweeper thread" daemon [_thread_blocked, id=892, stack(0x000000fbc1400000,0x000000fbc1500000)]
  0x0000025fffce2c30 JavaThread "Common-Cleaner" daemon [_thread_blocked, id=1616, stack(0x000000fbc1500000,0x000000fbc1600000)]
  0x0000025ffff09bc0 JavaThread "Notification Thread" daemon [_thread_blocked, id=11968, stack(0x000000fbc1700000,0x000000fbc1800000)]
  0x0000025f85dfa850 JavaThread "Active Thread: Equinox Container: 8ccc9a19-7387-465a-a132-b63a0a886d1b" [_thread_blocked, id=9816, stack(0x000000fbc2000000,0x000000fbc2100000)]
  0x0000025f85c23130 JavaThread "Framework Event Dispatcher: Equinox Container: 8ccc9a19-7387-465a-a132-b63a0a886d1b" daemon [_thread_blocked, id=21948, stack(0x000000fbc2100000,0x000000fbc2200000)]
  0x0000025f860c7aa0 JavaThread "Start Level: Equinox Container: 8ccc9a19-7387-465a-a132-b63a0a886d1b" daemon [_thread_blocked, id=1284, stack(0x000000fbc2200000,0x000000fbc2300000)]
  0x0000025f861cec70 JavaThread "Bundle File Closer" daemon [_thread_blocked, id=18684, stack(0x000000fbc2400000,0x000000fbc2500000)]
  0x0000025f8655d250 JavaThread "SCR Component Actor" daemon [_thread_blocked, id=17880, stack(0x000000fbc2500000,0x000000fbc2600000)]
  0x0000025f865bad30 JavaThread "SCR Component Registry" daemon [_thread_blocked, id=1140, stack(0x000000fbc2600000,0x000000fbc2700000)]
  0x0000025f86437060 JavaThread "Worker-JM" [_thread_blocked, id=11336, stack(0x000000fbc1900000,0x000000fbc1a00000)]
  0x0000025f8643a810 JavaThread "Worker-0" [_thread_blocked, id=5128, stack(0x000000fbc1600000,0x000000fbc1700000)]
  0x0000025f86437f90 JavaThread "Worker-1" [_thread_blocked, id=21764, stack(0x000000fbc2700000,0x000000fbc2800000)]
=>0x0000025f8627c450 JavaThread "C2 CompilerThread1" daemon [_thread_in_native, id=21912, stack(0x000000fbc2800000,0x000000fbc2900000)]
  0x0000025f86437a80 JavaThread "Java indexing" daemon [_thread_blocked, id=10832, stack(0x000000fbc2900000,0x000000fbc2a00000)]
  0x0000025f864384a0 JavaThread "Worker-2" [_thread_blocked, id=21848, stack(0x000000fbc2a00000,0x000000fbc2b00000)]
  0x0000025f864389b0 JavaThread "Worker-3: Loading available Gradle versions" [_thread_in_native, id=21068, stack(0x000000fbc2b00000,0x000000fbc2c00000)]
  0x0000025f88361080 JavaThread "C2 CompilerThread2" daemon [_thread_in_native, id=10052, stack(0x000000fbc2c00000,0x000000fbc2d00000)]
  0x0000025f864393d0 JavaThread "JNA Cleaner" daemon [_thread_blocked, id=10768, stack(0x000000fbc2d00000,0x000000fbc2e00000)]
  0x0000025f864398e0 JavaThread "Thread-2" daemon [_thread_in_native, id=17404, stack(0x000000fbc3000000,0x000000fbc3100000)]
  0x0000025f86439df0 JavaThread "Thread-3" daemon [_thread_in_native, id=10648, stack(0x000000fbc3100000,0x000000fbc3200000)]
  0x0000025f8643a300 JavaThread "Thread-4" daemon [_thread_in_native, id=17160, stack(0x000000fbc3200000,0x000000fbc3300000)]
  0x0000025f86c580a0 JavaThread "Thread-5" daemon [_thread_in_native, id=7712, stack(0x000000fbc3300000,0x000000fbc3400000)]
  0x0000025f86c55d30 JavaThread "Thread-6" daemon [_thread_in_native, id=21696, stack(0x000000fbc3400000,0x000000fbc3500000)]
  0x0000025f86c57680 JavaThread "Thread-7" daemon [_thread_in_native, id=3944, stack(0x000000fbc3500000,0x000000fbc3600000)]
  0x0000025f86c585b0 JavaThread "Thread-8" daemon [_thread_in_native, id=11192, stack(0x000000fbc3600000,0x000000fbc3700000)]
  0x0000025f86c534b0 JavaThread "Thread-9" daemon [_thread_in_native, id=17648, stack(0x000000fbc3700000,0x000000fbc3800000)]
  0x0000025f86c594e0 JavaThread "Thread-10" daemon [_thread_in_native, id=17076, stack(0x000000fbc3800000,0x000000fbc3900000)]
  0x0000025f86c57b90 JavaThread "pool-2-thread-1" [_thread_blocked, id=6420, stack(0x000000fbc3900000,0x000000fbc3a00000)]
  0x0000025f86c58fd0 JavaThread "WorkspaceEventsHandler" [_thread_blocked, id=7800, stack(0x000000fbc3a00000,0x000000fbc3b00000)]
  0x0000025f86c599f0 JavaThread "pool-1-thread-1" [_thread_in_vm, id=12972, stack(0x000000fbc3b00000,0x000000fbc3c00000)]

Other Threads:
  0x0000025fff0a3090 VMThread "VM Thread" [stack: 0x000000fbc0b00000,0x000000fbc0c00000] [id=2268]
  0x0000025ffff0a0a0 WatcherThread [stack: 0x000000fbc1800000,0x000000fbc1900000] [id=14752]
  0x0000025fe8f6e560 GCTaskThread "GC Thread#0" [stack: 0x000000fbc0a00000,0x000000fbc0b00000] [id=16704]
  0x0000025f858ab430 GCTaskThread "GC Thread#1" [stack: 0x000000fbc1a00000,0x000000fbc1b00000] [id=5840]
  0x0000025f858ab6f0 GCTaskThread "GC Thread#2" [stack: 0x000000fbc1b00000,0x000000fbc1c00000] [id=9388]
  0x0000025f85b2c4b0 GCTaskThread "GC Thread#3" [stack: 0x000000fbc1c00000,0x000000fbc1d00000] [id=1244]
  0x0000025f85b2c770 GCTaskThread "GC Thread#4" [stack: 0x000000fbc1d00000,0x000000fbc1e00000] [id=4736]
  0x0000025f85b2d040 GCTaskThread "GC Thread#5" [stack: 0x000000fbc1e00000,0x000000fbc1f00000] [id=11840]
  0x0000025f85b2f720 GCTaskThread "GC Thread#6" [stack: 0x000000fbc1f00000,0x000000fbc2000000] [id=5972]
  0x0000025f860c7070 GCTaskThread "GC Thread#7" [stack: 0x000000fbc2300000,0x000000fbc2400000] [id=2032]

Threads with active compile tasks:
C2 CompilerThread0     7227 5521   !   4       java.util.jar.Attributes::read (498 bytes)
C2 CompilerThread1     7227 5535       4       sun.nio.fs.WindowsPathParser::normalize (233 bytes)
C2 CompilerThread2     7227 5565       4       sun.security.util.math.intpoly.IntegerPolynomial25519::carryReduce (639 bytes)

VM state: not at safepoint (normal execution)

VM Mutex/Monitor currently owned by a thread: None

Heap address: 0x00000000c0000000, size: 1024 MB, Compressed Oops mode: 32-bit

CDS archive(s) not mapped
Compressed class space mapped at: 0x0000000100000000-0x0000000140000000, reserved size: 1073741824
Narrow klass base: 0x0000000000000000, Narrow klass shift: 3, Narrow klass range: 0x140000000

GC Precious Log:
 CPUs: 8 total, 8 available
 Memory: 16064M
 Large Page Support: Disabled
 NUMA Support: Disabled
 Compressed Oops: Enabled (32-bit)
 Alignments: Space 512K, Generation 512K, Heap 2M
 Heap Min Capacity: 100M
 Heap Initial Capacity: 100M
 Heap Max Capacity: 1G
 Pre-touch: Disabled
 Parallel Workers: 8

Heap:
 PSYoungGen      total 23552K, used 23308K [0x00000000eab00000, 0x00000000ec880000, 0x0000000100000000)
  eden space 22016K, 99% used [0x00000000eab00000,0x00000000ec049790,0x00000000ec080000)
  from space 1536K, 98% used [0x00000000ec500000,0x00000000ec679c50,0x00000000ec680000)
  to   space 4096K, 0% used [0x00000000ec080000,0x00000000ec080000,0x00000000ec480000)
 ParOldGen       total 68608K, used 20034K [0x00000000c0000000, 0x00000000c4300000, 0x00000000eab00000)
  object space 68608K, 29% used [0x00000000c0000000,0x00000000c1390ab8,0x00000000c4300000)
 Metaspace       used 53503K, committed 54464K, reserved 1114112K
  class space    used 5851K, committed 6272K, reserved 1048576K

Card table byte_map: [0x0000025ffca00000,0x0000025ffcc10000] _byte_map_base: 0x0000025ffc400000

Marking Bits: (ParMarkBitMap*) 0x00007ffaa4cc58b0
 Begin Bits: [0x0000025ffcd70000, 0x0000025ffdd70000)
 End Bits:   [0x0000025ffdd70000, 0x0000025ffed70000)

Polling page: 0x0000025fe8ce0000

Metaspace:

Usage:
  Non-class:     46.54 MB used.
      Class:      5.71 MB used.
       Both:     52.25 MB used.

Virtual space:
  Non-class space:       64.00 MB reserved,      47.06 MB ( 74%) committed,  1 nodes.
      Class space:        1.00 GB reserved,       6.12 MB ( <1%) committed,  1 nodes.
             Both:        1.06 GB reserved,      53.19 MB (  5%) committed. 

Chunk freelists:
   Non-Class:  640.00 KB
       Class:  9.73 MB
        Both:  10.36 MB

MaxMetaspaceSize: unlimited
CompressedClassSpaceSize: 1.00 GB
Initial GC threshold: 21.00 MB
Current GC threshold: 58.38 MB
CDS: off
MetaspaceReclaimPolicy: balanced
 - commit_granule_bytes: 65536.
 - commit_granule_words: 8192.
 - virtual_space_node_default_size: 8388608.
 - enlarge_chunks_in_place: 1.
 - new_chunks_are_fully_committed: 0.
 - uncommit_free_chunks: 1.
 - use_allocation_guard: 0.
 - handle_deallocations: 1.


Internal statistics:

num_allocs_failed_limit: 6.
num_arena_births: 556.
num_arena_deaths: 34.
num_vsnodes_births: 2.
num_vsnodes_deaths: 0.
num_space_committed: 851.
num_space_uncommitted: 0.
num_chunks_returned_to_freelist: 41.
num_chunks_taken_from_freelist: 2441.
num_chunk_merges: 13.
num_chunk_splits: 1523.
num_chunks_enlarged: 914.
num_inconsistent_stats: 0.

CodeHeap 'non-profiled nmethods': size=120000Kb used=2426Kb max_used=2588Kb free=117573Kb
 bounds [0x0000025ff52f0000, 0x0000025ff5580000, 0x0000025ffc820000]
CodeHeap 'profiled nmethods': size=120000Kb used=9405Kb max_used=10713Kb free=110594Kb
 bounds [0x0000025fed820000, 0x0000025fee2a0000, 0x0000025ff4d50000]
CodeHeap 'non-nmethods': size=5760Kb used=1341Kb max_used=1381Kb free=4419Kb
 bounds [0x0000025ff4d50000, 0x0000025ff4fc0000, 0x0000025ff52f0000]
 total_blobs=5457 nmethods=4797 adapters=574
 compilation: enabled
              stopped_count=0, restarted_count=0
 full_count=0

Compilation events (20 events):
Event: 7.136 Thread 0x0000025fffc19a20 5537       3       org.eclipse.core.internal.registry.TableReader::loadConfigurationElementAndChildren (100 bytes)
Event: 7.137 Thread 0x0000025fffc19a20 nmethod 5537 0x0000025fed910b90 code [0x0000025fed910d80, 0x0000025fed911288]
Event: 7.137 Thread 0x0000025fffc19a20 5539       3       org.eclipse.core.internal.registry.ReferenceMap::put (157 bytes)
Event: 7.138 Thread 0x0000025fffc19a20 nmethod 5539 0x0000025fedfe5690 code [0x0000025fedfe58e0, 0x0000025fedfe62b8]
Event: 7.138 Thread 0x0000025fffc19a20 5542       3       org.eclipse.core.internal.registry.TableReader::readArray (42 bytes)
Event: 7.138 Thread 0x0000025fffc19a20 nmethod 5542 0x0000025fed910210 code [0x0000025fed9103e0, 0x0000025fed910778]
Event: 7.138 Thread 0x0000025fffc19a20 5543       1       org.eclipse.core.internal.registry.ReferenceMap$SoftRef::setNext (6 bytes)
Event: 7.139 Thread 0x0000025fffc19a20 nmethod 5543 0x0000025ff54a9790 code [0x0000025ff54a9920, 0x0000025ff54a99f8]
Event: 7.139 Thread 0x0000025fffc19a20 5538       3       org.eclipse.core.internal.registry.TableReader::basicLoadConfigurationElement (184 bytes)
Event: 7.140 Thread 0x0000025fffc19a20 nmethod 5538 0x0000025fed888210 code [0x0000025fed8885c0, 0x0000025fed8899a8]
Event: 7.141 Thread 0x0000025fffc19a20 5540       3       org.eclipse.core.internal.registry.ReferenceMap::newEntry (62 bytes)
Event: 7.141 Thread 0x0000025fffc19a20 nmethod 5540 0x0000025fedff6690 code [0x0000025fedff6880, 0x0000025fedff6e18]
Event: 7.141 Thread 0x0000025fffc19a20 5541       3       org.eclipse.core.internal.registry.ReferenceMap$SoftRef::<init> (18 bytes)
Event: 7.142 Thread 0x0000025fffc19a20 nmethod 5541 0x0000025fed895690 code [0x0000025fed895840, 0x0000025fed895b38]
Event: 7.143 Thread 0x0000025fffc19a20 5545       3       org.eclipse.core.internal.registry.ConfigurationElementHandle::<init> (7 bytes)
Event: 7.143 Thread 0x0000025fffc19a20 nmethod 5545 0x0000025fedff6210 code [0x0000025fedff63c0, 0x0000025fedff6598]
Event: 7.143 Thread 0x0000025fffc19a20 5546       3       java.util.TreeMap::getEntryUsingComparator (74 bytes)
Event: 7.143 Thread 0x0000025fffc19a20 nmethod 5546 0x0000025fee03db90 code [0x0000025fee03dd60, 0x0000025fee03e128]
Event: 7.144 Thread 0x0000025fffc19a20 5548       3       java.nio.Buffer::remaining (20 bytes)
Event: 7.144 Thread 0x0000025fffc19a20 nmethod 5548 0x0000025fedfe5290 code [0x0000025fedfe5420, 0x0000025fedfe55b8]

GC Heap History (20 events):
Event: 4.146 GC heap before
{Heap before GC invocations=9 (full 1):
 PSYoungGen      total 27136K, used 27128K [0x00000000eab00000, 0x00000000ecd00000, 0x0000000100000000)
  eden space 24576K, 100% used [0x00000000eab00000,0x00000000ec300000,0x00000000ec300000)
  from space 2560K, 99% used [0x00000000ec580000,0x00000000ec7fe3c8,0x00000000ec800000)
  to   space 5120K, 0% used [0x00000000ec800000,0x00000000ec800000,0x00000000ecd00000)
 ParOldGen       total 68608K, used 12346K [0x00000000c0000000, 0x00000000c4300000, 0x00000000eab00000)
  object space 68608K, 17% used [0x00000000c0000000,0x00000000c0c0e9e8,0x00000000c4300000)
 Metaspace       used 30066K, committed 30656K, reserved 1114112K
  class space    used 2965K, committed 3264K, reserved 1048576K
}
Event: 4.148 GC heap after
{Heap after GC invocations=9 (full 1):
 PSYoungGen      total 26624K, used 2230K [0x00000000eab00000, 0x00000000eca80000, 0x0000000100000000)
  eden space 24064K, 0% used [0x00000000eab00000,0x00000000eab00000,0x00000000ec280000)
  from space 2560K, 87% used [0x00000000ec800000,0x00000000eca2dac8,0x00000000eca80000)
  to   space 3072K, 0% used [0x00000000ec480000,0x00000000ec480000,0x00000000ec780000)
 ParOldGen       total 68608K, used 12354K [0x00000000c0000000, 0x00000000c4300000, 0x00000000eab00000)
  object space 68608K, 18% used [0x00000000c0000000,0x00000000c0c109e8,0x00000000c4300000)
 Metaspace       used 30066K, committed 30656K, reserved 1114112K
  class space    used 2965K, committed 3264K, reserved 1048576K
}
Event: 4.413 GC heap before
{Heap before GC invocations=10 (full 1):
 PSYoungGen      total 26624K, used 26294K [0x00000000eab00000, 0x00000000eca80000, 0x0000000100000000)
  eden space 24064K, 100% used [0x00000000eab00000,0x00000000ec280000,0x00000000ec280000)
  from space 2560K, 87% used [0x00000000ec800000,0x00000000eca2dac8,0x00000000eca80000)
  to   space 3072K, 0% used [0x00000000ec480000,0x00000000ec480000,0x00000000ec780000)
 ParOldGen       total 68608K, used 12354K [0x00000000c0000000, 0x00000000c4300000, 0x00000000eab00000)
  object space 68608K, 18% used [0x00000000c0000000,0x00000000c0c109e8,0x00000000c4300000)
 Metaspace       used 31739K, committed 32448K, reserved 1114112K
  class space    used 3097K, committed 3392K, reserved 1048576K
}
Event: 4.416 GC heap after
{Heap after GC invocations=10 (full 1):
 PSYoungGen      total 26624K, used 3059K [0x00000000eab00000, 0x00000000ecb00000, 0x0000000100000000)
  eden space 23552K, 0% used [0x00000000eab00000,0x00000000eab00000,0x00000000ec200000)
  from space 3072K, 99% used [0x00000000ec480000,0x00000000ec77cc00,0x00000000ec780000)
  to   space 3584K, 0% used [0x00000000ec780000,0x00000000ec780000,0x00000000ecb00000)
 ParOldGen       total 68608K, used 13476K [0x00000000c0000000, 0x00000000c4300000, 0x00000000eab00000)
  object space 68608K, 19% used [0x00000000c0000000,0x00000000c0d293b8,0x00000000c4300000)
 Metaspace       used 31739K, committed 32448K, reserved 1114112K
  class space    used 3097K, committed 3392K, reserved 1048576K
}
Event: 4.963 GC heap before
{Heap before GC invocations=11 (full 1):
 PSYoungGen      total 26624K, used 25692K [0x00000000eab00000, 0x00000000ecb00000, 0x0000000100000000)
  eden space 23552K, 96% used [0x00000000eab00000,0x00000000ec11a520,0x00000000ec200000)
  from space 3072K, 99% used [0x00000000ec480000,0x00000000ec77cc00,0x00000000ec780000)
  to   space 3584K, 0% used [0x00000000ec780000,0x00000000ec780000,0x00000000ecb00000)
 ParOldGen       total 68608K, used 13476K [0x00000000c0000000, 0x00000000c4300000, 0x00000000eab00000)
  object space 68608K, 19% used [0x00000000c0000000,0x00000000c0d293b8,0x00000000c4300000)
 Metaspace       used 35152K, committed 35840K, reserved 1114112K
  class space    used 3461K, committed 3712K, reserved 1048576K
}
Event: 4.966 GC heap after
{Heap after GC invocations=11 (full 1):
 PSYoungGen      total 27136K, used 3348K [0x00000000eab00000, 0x00000000ecb00000, 0x0000000100000000)
  eden space 23552K, 0% used [0x00000000eab00000,0x00000000eab00000,0x00000000ec200000)
  from space 3584K, 93% used [0x00000000ec780000,0x00000000ecac51a0,0x00000000ecb00000)
  to   space 4096K, 0% used [0x00000000ec300000,0x00000000ec300000,0x00000000ec700000)
 ParOldGen       total 68608K, used 14551K [0x00000000c0000000, 0x00000000c4300000, 0x00000000eab00000)
  object space 68608K, 21% used [0x00000000c0000000,0x00000000c0e35e50,0x00000000c4300000)
 Metaspace       used 35152K, committed 35840K, reserved 1114112K
  class space    used 3461K, committed 3712K, reserved 1048576K
}
Event: 4.966 GC heap before
{Heap before GC invocations=12 (full 2):
 PSYoungGen      total 27136K, used 3348K [0x00000000eab00000, 0x00000000ecb00000, 0x0000000100000000)
  eden space 23552K, 0% used [0x00000000eab00000,0x00000000eab00000,0x00000000ec200000)
  from space 3584K, 93% used [0x00000000ec780000,0x00000000ecac51a0,0x00000000ecb00000)
  to   space 4096K, 0% used [0x00000000ec300000,0x00000000ec300000,0x00000000ec700000)
 ParOldGen       total 68608K, used 14551K [0x00000000c0000000, 0x00000000c4300000, 0x00000000eab00000)
  object space 68608K, 21% used [0x00000000c0000000,0x00000000c0e35e50,0x00000000c4300000)
 Metaspace       used 35152K, committed 35840K, reserved 1114112K
  class space    used 3461K, committed 3712K, reserved 1048576K
}
Event: 4.996 GC heap after
{Heap after GC invocations=12 (full 2):
 PSYoungGen      total 27136K, used 0K [0x00000000eab00000, 0x00000000ecb00000, 0x0000000100000000)
  eden space 23552K, 0% used [0x00000000eab00000,0x00000000eab00000,0x00000000ec200000)
  from space 3584K, 0% used [0x00000000ec780000,0x00000000ec780000,0x00000000ecb00000)
  to   space 4096K, 0% used [0x00000000ec300000,0x00000000ec300000,0x00000000ec700000)
 ParOldGen       total 68608K, used 15071K [0x00000000c0000000, 0x00000000c4300000, 0x00000000eab00000)
  object space 68608K, 21% used [0x00000000c0000000,0x00000000c0eb7e70,0x00000000c4300000)
 Metaspace       used 35133K, committed 35840K, reserved 1114112K
  class space    used 3456K, committed 3712K, reserved 1048576K
}
Event: 5.284 GC heap before
{Heap before GC invocations=13 (full 2):
 PSYoungGen      total 27136K, used 23552K [0x00000000eab00000, 0x00000000ecb00000, 0x0000000100000000)
  eden space 23552K, 100% used [0x00000000eab00000,0x00000000ec200000,0x00000000ec200000)
  from space 3584K, 0% used [0x00000000ec780000,0x00000000ec780000,0x00000000ecb00000)
  to   space 4096K, 0% used [0x00000000ec300000,0x00000000ec300000,0x00000000ec700000)
 ParOldGen       total 68608K, used 15071K [0x00000000c0000000, 0x00000000c4300000, 0x00000000eab00000)
  object space 68608K, 21% used [0x00000000c0000000,0x00000000c0eb7e70,0x00000000c4300000)
 Metaspace       used 38357K, committed 39104K, reserved 1114112K
  class space    used 3898K, committed 4224K, reserved 1048576K
}
Event: 5.287 GC heap after
{Heap after GC invocations=13 (full 2):
 PSYoungGen      total 24064K, used 1018K [0x00000000eab00000, 0x00000000ec800000, 0x0000000100000000)
  eden space 23040K, 0% used [0x00000000eab00000,0x00000000eab00000,0x00000000ec180000)
  from space 1024K, 99% used [0x00000000ec300000,0x00000000ec3fea00,0x00000000ec400000)
  to   space 2048K, 0% used [0x00000000ec600000,0x00000000ec600000,0x00000000ec800000)
 ParOldGen       total 68608K, used 15079K [0x00000000c0000000, 0x00000000c4300000, 0x00000000eab00000)
  object space 68608K, 21% used [0x00000000c0000000,0x00000000c0eb9e70,0x00000000c4300000)
 Metaspace       used 38357K, committed 39104K, reserved 1114112K
  class space    used 3898K, committed 4224K, reserved 1048576K
}
Event: 5.515 GC heap before
{Heap before GC invocations=14 (full 2):
 PSYoungGen      total 24064K, used 24058K [0x00000000eab00000, 0x00000000ec800000, 0x0000000100000000)
  eden space 23040K, 100% used [0x00000000eab00000,0x00000000ec180000,0x00000000ec180000)
  from space 1024K, 99% used [0x00000000ec300000,0x00000000ec3fea00,0x00000000ec400000)
  to   space 2048K, 0% used [0x00000000ec600000,0x00000000ec600000,0x00000000ec800000)
 ParOldGen       total 68608K, used 15079K [0x00000000c0000000, 0x00000000c4300000, 0x00000000eab00000)
  object space 68608K, 21% used [0x00000000c0000000,0x00000000c0eb9e70,0x00000000c4300000)
 Metaspace       used 40227K, committed 41152K, reserved 1114112K
  class space    used 4131K, committed 4480K, reserved 1048576K
}
Event: 5.518 GC heap after
{Heap after GC invocations=14 (full 2):
 PSYoungGen      total 23552K, used 741K [0x00000000eab00000, 0x00000000ec700000, 0x0000000100000000)
  eden space 22528K, 0% used [0x00000000eab00000,0x00000000eab00000,0x00000000ec100000)
  from space 1024K, 72% used [0x00000000ec600000,0x00000000ec6b9670,0x00000000ec700000)
  to   space 1024K, 0% used [0x00000000ec500000,0x00000000ec500000,0x00000000ec600000)
 ParOldGen       total 68608K, used 15891K [0x00000000c0000000, 0x00000000c4300000, 0x00000000eab00000)
  object space 68608K, 23% used [0x00000000c0000000,0x00000000c0f84d80,0x00000000c4300000)
 Metaspace       used 40227K, committed 41152K, reserved 1114112K
  class space    used 4131K, committed 4480K, reserved 1048576K
}
Event: 5.704 GC heap before
{Heap before GC invocations=15 (full 2):
 PSYoungGen      total 23552K, used 23269K [0x00000000eab00000, 0x00000000ec700000, 0x0000000100000000)
  eden space 22528K, 100% used [0x00000000eab00000,0x00000000ec100000,0x00000000ec100000)
  from space 1024K, 72% used [0x00000000ec600000,0x00000000ec6b9670,0x00000000ec700000)
  to   space 1024K, 0% used [0x00000000ec500000,0x00000000ec500000,0x00000000ec600000)
 ParOldGen       total 68608K, used 15891K [0x00000000c0000000, 0x00000000c4300000, 0x00000000eab00000)
  object space 68608K, 23% used [0x00000000c0000000,0x00000000c0f84d80,0x00000000c4300000)
 Metaspace       used 42388K, committed 43264K, reserved 1114112K
  class space    used 4435K, committed 4736K, reserved 1048576K
}
Event: 5.706 GC heap after
{Heap after GC invocations=15 (full 2):
 PSYoungGen      total 23040K, used 640K [0x00000000eab00000, 0x00000000ec680000, 0x0000000100000000)
  eden space 22016K, 0% used [0x00000000eab00000,0x00000000eab00000,0x00000000ec080000)
  from space 1024K, 62% used [0x00000000ec500000,0x00000000ec5a0000,0x00000000ec600000)
  to   space 512K, 0% used [0x00000000ec600000,0x00000000ec600000,0x00000000ec680000)
 ParOldGen       total 68608K, used 16531K [0x00000000c0000000, 0x00000000c4300000, 0x00000000eab00000)
  object space 68608K, 24% used [0x00000000c0000000,0x00000000c1024cd8,0x00000000c4300000)
 Metaspace       used 42388K, committed 43264K, reserved 1114112K
  class space    used 4435K, committed 4736K, reserved 1048576K
}
Event: 5.906 GC heap before
{Heap before GC invocations=16 (full 2):
 PSYoungGen      total 23040K, used 22656K [0x00000000eab00000, 0x00000000ec680000, 0x0000000100000000)
  eden space 22016K, 100% used [0x00000000eab00000,0x00000000ec080000,0x00000000ec080000)
  from space 1024K, 62% used [0x00000000ec500000,0x00000000ec5a0000,0x00000000ec600000)
  to   space 512K, 0% used [0x00000000ec600000,0x00000000ec600000,0x00000000ec680000)
 ParOldGen       total 68608K, used 16531K [0x00000000c0000000, 0x00000000c4300000, 0x00000000eab00000)
  object space 68608K, 24% used [0x00000000c0000000,0x00000000c1024cd8,0x00000000c4300000)
 Metaspace       used 45153K, committed 46144K, reserved 1114112K
  class space    used 4779K, committed 5184K, reserved 1048576K
}
Event: 5.907 GC heap after
{Heap after GC invocations=16 (full 2):
 PSYoungGen      total 22528K, used 512K [0x00000000eab00000, 0x00000000ec680000, 0x0000000100000000)
  eden space 22016K, 0% used [0x00000000eab00000,0x00000000eab00000,0x00000000ec080000)
  from space 512K, 100% used [0x00000000ec600000,0x00000000ec680000,0x00000000ec680000)
  to   space 2048K, 0% used [0x00000000ec280000,0x00000000ec280000,0x00000000ec480000)
 ParOldGen       total 68608K, used 17571K [0x00000000c0000000, 0x00000000c4300000, 0x00000000eab00000)
  object space 68608K, 25% used [0x00000000c0000000,0x00000000c1128cd8,0x00000000c4300000)
 Metaspace       used 45153K, committed 46144K, reserved 1114112K
  class space    used 4779K, committed 5184K, reserved 1048576K
}
Event: 6.349 GC heap before
{Heap before GC invocations=17 (full 2):
 PSYoungGen      total 22528K, used 22528K [0x00000000eab00000, 0x00000000ec680000, 0x0000000100000000)
  eden space 22016K, 100% used [0x00000000eab00000,0x00000000ec080000,0x00000000ec080000)
  from space 512K, 100% used [0x00000000ec600000,0x00000000ec680000,0x00000000ec680000)
  to   space 2048K, 0% used [0x00000000ec280000,0x00000000ec280000,0x00000000ec480000)
 ParOldGen       total 68608K, used 17571K [0x00000000c0000000, 0x00000000c4300000, 0x00000000eab00000)
  object space 68608K, 25% used [0x00000000c0000000,0x00000000c1128cd8,0x00000000c4300000)
 Metaspace       used 47778K, committed 48768K, reserved 1114112K
  class space    used 5146K, committed 5568K, reserved 1048576K
}
Event: 6.351 GC heap after
{Heap after GC invocations=17 (full 2):
 PSYoungGen      total 24064K, used 1344K [0x00000000eab00000, 0x00000000ec680000, 0x0000000100000000)
  eden space 22016K, 0% used [0x00000000eab00000,0x00000000eab00000,0x00000000ec080000)
  from space 2048K, 65% used [0x00000000ec280000,0x00000000ec3d0000,0x00000000ec480000)
  to   space 1536K, 0% used [0x00000000ec500000,0x00000000ec500000,0x00000000ec680000)
 ParOldGen       total 68608K, used 18099K [0x00000000c0000000, 0x00000000c4300000, 0x00000000eab00000)
  object space 68608K, 26% used [0x00000000c0000000,0x00000000c11acce8,0x00000000c4300000)
 Metaspace       used 47778K, committed 48768K, reserved 1114112K
  class space    used 5146K, committed 5568K, reserved 1048576K
}
Event: 6.845 GC heap before
{Heap before GC invocations=18 (full 2):
 PSYoungGen      total 24064K, used 23360K [0x00000000eab00000, 0x00000000ec680000, 0x0000000100000000)
  eden space 22016K, 100% used [0x00000000eab00000,0x00000000ec080000,0x00000000ec080000)
  from space 2048K, 65% used [0x00000000ec280000,0x00000000ec3d0000,0x00000000ec480000)
  to   space 1536K, 0% used [0x00000000ec500000,0x00000000ec500000,0x00000000ec680000)
 ParOldGen       total 68608K, used 18099K [0x00000000c0000000, 0x00000000c4300000, 0x00000000eab00000)
  object space 68608K, 26% used [0x00000000c0000000,0x00000000c11acce8,0x00000000c4300000)
 Metaspace       used 50543K, committed 51520K, reserved 1114112K
  class space    used 5472K, committed 5824K, reserved 1048576K
}
Event: 6.849 GC heap after
{Heap after GC invocations=18 (full 2):
 PSYoungGen      total 23552K, used 1511K [0x00000000eab00000, 0x00000000ec880000, 0x0000000100000000)
  eden space 22016K, 0% used [0x00000000eab00000,0x00000000eab00000,0x00000000ec080000)
  from space 1536K, 98% used [0x00000000ec500000,0x00000000ec679c50,0x00000000ec680000)
  to   space 4096K, 0% used [0x00000000ec080000,0x00000000ec080000,0x00000000ec480000)
 ParOldGen       total 68608K, used 20034K [0x00000000c0000000, 0x00000000c4300000, 0x00000000eab00000)
  object space 68608K, 29% used [0x00000000c0000000,0x00000000c1390ab8,0x00000000c4300000)
 Metaspace       used 50543K, committed 51520K, reserved 1114112K
  class space    used 5472K, committed 5824K, reserved 1048576K
}

Dll operation events (14 events):
Event: 0.027 Loaded shared library c:\Users\adarshu\.vscode\extensions\redhat.java-1.34.0-win32-x64\jre\17.0.12-win32-x86_64\bin\java.dll
Event: 0.200 Loaded shared library c:\Users\adarshu\.vscode\extensions\redhat.java-1.34.0-win32-x64\jre\17.0.12-win32-x86_64\bin\zip.dll
Event: 0.206 Loaded shared library C:\Users\adarshu\.vscode\extensions\redhat.java-1.34.0-win32-x64\jre\17.0.12-win32-x86_64\bin\instrument.dll
Event: 0.224 Loaded shared library C:\Users\adarshu\.vscode\extensions\redhat.java-1.34.0-win32-x64\jre\17.0.12-win32-x86_64\bin\net.dll
Event: 0.229 Loaded shared library C:\Users\adarshu\.vscode\extensions\redhat.java-1.34.0-win32-x64\jre\17.0.12-win32-x86_64\bin\nio.dll
Event: 0.237 Loaded shared library C:\Users\adarshu\.vscode\extensions\redhat.java-1.34.0-win32-x64\jre\17.0.12-win32-x86_64\bin\zip.dll
Event: 0.255 Loaded shared library C:\Users\adarshu\.vscode\extensions\redhat.java-1.34.0-win32-x64\jre\17.0.12-win32-x86_64\bin\jimage.dll
Event: 0.341 Loaded shared library c:\Users\adarshu\.vscode\extensions\redhat.java-1.34.0-win32-x64\jre\17.0.12-win32-x86_64\bin\verify.dll
Event: 1.806 Loaded shared library C:\Users\adarshu\AppData\Roaming\Code\User\globalStorage\redhat.java\1.34.0\config_win\org.eclipse.equinox.launcher\org.eclipse.equinox.launcher.win32.win32.x86_64_1.2.1100.v20240722-2106\eclipse_11904.dll
Event: 3.193 Loaded shared library C:\Users\adarshu\.vscode\extensions\redhat.java-1.34.0-win32-x64\jre\17.0.12-win32-x86_64\bin\management.dll
Event: 3.199 Loaded shared library C:\Users\adarshu\.vscode\extensions\redhat.java-1.34.0-win32-x64\jre\17.0.12-win32-x86_64\bin\management_ext.dll
Event: 5.175 Loaded shared library C:\Users\adarshu\AppData\Local\Temp\jna--1150449492\jna12904375938461913589.dll
Event: 6.946 Loaded shared library C:\Users\adarshu\.vscode\extensions\redhat.java-1.34.0-win32-x64\jre\17.0.12-win32-x86_64\bin\sunmscapi.dll
Event: 7.067 Loaded shared library C:\Users\adarshu\.vscode\extensions\redhat.java-1.34.0-win32-x64\jre\17.0.12-win32-x86_64\bin\extnet.dll

Deoptimization events (20 events):
Event: 7.078 Thread 0x0000025f864389b0 DEOPT PACKING pc=0x0000025ff53e4050 sp=0x000000fbc2bfcf40
Event: 7.078 Thread 0x0000025f864389b0 DEOPT UNPACKING pc=0x0000025ff4da9ea3 sp=0x000000fbc2bfcef8 mode 2
Event: 7.086 Thread 0x0000025f864389b0 Uncommon trap: trap_request=0xffffffde fr.pc=0x0000025ff5423b68 relative=0x00000000000005a8
Event: 7.086 Thread 0x0000025f864389b0 Uncommon trap: reason=class_check action=maybe_recompile pc=0x0000025ff5423b68 method=java.lang.AbstractStringBuilder.<init>(Ljava/lang/String;)V @ 58 c2
Event: 7.086 Thread 0x0000025f864389b0 DEOPT PACKING pc=0x0000025ff5423b68 sp=0x000000fbc2bfe830
Event: 7.086 Thread 0x0000025f864389b0 DEOPT UNPACKING pc=0x0000025ff4da9ea3 sp=0x000000fbc2bfe810 mode 2
Event: 7.086 Thread 0x0000025f864389b0 Uncommon trap: trap_request=0xffffffde fr.pc=0x0000025ff5423b68 relative=0x00000000000005a8
Event: 7.086 Thread 0x0000025f864389b0 Uncommon trap: reason=class_check action=maybe_recompile pc=0x0000025ff5423b68 method=java.lang.AbstractStringBuilder.<init>(Ljava/lang/String;)V @ 58 c2
Event: 7.086 Thread 0x0000025f864389b0 DEOPT PACKING pc=0x0000025ff5423b68 sp=0x000000fbc2bfe830
Event: 7.086 Thread 0x0000025f864389b0 DEOPT UNPACKING pc=0x0000025ff4da9ea3 sp=0x000000fbc2bfe810 mode 2
Event: 7.086 Thread 0x0000025f864389b0 Uncommon trap: trap_request=0xffffffde fr.pc=0x0000025ff5423b68 relative=0x00000000000005a8
Event: 7.086 Thread 0x0000025f864389b0 Uncommon trap: reason=class_check action=maybe_recompile pc=0x0000025ff5423b68 method=java.lang.AbstractStringBuilder.<init>(Ljava/lang/String;)V @ 58 c2
Event: 7.086 Thread 0x0000025f864389b0 DEOPT PACKING pc=0x0000025ff5423b68 sp=0x000000fbc2bfe830
Event: 7.086 Thread 0x0000025f864389b0 DEOPT UNPACKING pc=0x0000025ff4da9ea3 sp=0x000000fbc2bfe810 mode 2
Event: 7.088 Thread 0x0000025f864389b0 Uncommon trap: trap_request=0xffffffde fr.pc=0x0000025ff5423b68 relative=0x00000000000005a8
Event: 7.088 Thread 0x0000025f864389b0 Uncommon trap: reason=class_check action=maybe_recompile pc=0x0000025ff5423b68 method=java.lang.AbstractStringBuilder.<init>(Ljava/lang/String;)V @ 58 c2
Event: 7.088 Thread 0x0000025f864389b0 DEOPT PACKING pc=0x0000025ff5423b68 sp=0x000000fbc2bfecc0
Event: 7.088 Thread 0x0000025f864389b0 DEOPT UNPACKING pc=0x0000025ff4da9ea3 sp=0x000000fbc2bfeca0 mode 2
Event: 7.126 Thread 0x0000025f86c599f0 DEOPT PACKING pc=0x0000025fedada544 sp=0x000000fbc3bfd9b0
Event: 7.126 Thread 0x0000025f86c599f0 DEOPT UNPACKING pc=0x0000025ff4daa9e3 sp=0x000000fbc3bfcf30 mode 0

Classes loaded (20 events):
Event: 7.147 Loading class sun/security/ssl/RSAKeyExchange$RSAKAGenerator
Event: 7.148 Loading class sun/security/ssl/RSAKeyExchange$RSAKAGenerator done
Event: 7.148 Loading class sun/security/ssl/DHKeyExchange
Event: 7.148 Loading class sun/security/ssl/DHKeyExchange done
Event: 7.148 Loading class sun/security/ssl/DHKeyExchange$DHEPossessionGenerator
Event: 7.148 Loading class sun/security/ssl/DHKeyExchange$DHEPossessionGenerator done
Event: 7.148 Loading class sun/security/ssl/DHKeyExchange$DHEKAGenerator
Event: 7.148 Loading class sun/security/ssl/DHKeyExchange$DHEKAGenerator done
Event: 7.148 Loading class sun/security/ssl/ECDHKeyExchange
Event: 7.148 Loading class sun/security/ssl/ECDHKeyExchange done
Event: 7.148 Loading class sun/security/ssl/ECDHKeyExchange$ECDHEPossessionGenerator
Event: 7.148 Loading class sun/security/ssl/ECDHKeyExchange$ECDHEPossessionGenerator done
Event: 7.148 Loading class sun/security/ssl/ECDHKeyExchange$ECDHKAGenerator
Event: 7.149 Loading class sun/security/ssl/ECDHKeyExchange$ECDHKAGenerator done
Event: 7.149 Loading class sun/security/ssl/ECDHKeyExchange$ECDHEKAGenerator
Event: 7.149 Loading class sun/security/ssl/ECDHKeyExchange$ECDHEKAGenerator done
Event: 7.149 Loading class sun/security/ssl/ECDHKeyExchange$ECDHEXDHKAGenerator
Event: 7.149 Loading class sun/security/ssl/ECDHKeyExchange$ECDHEXDHKAGenerator done
Event: 7.149 Loading class sun/security/ssl/XDHKeyExchange$XDHEPossession
Event: 7.149 Loading class sun/security/ssl/XDHKeyExchange$XDHEPossession done

Classes unloaded (17 events):
Event: 3.095 Thread 0x0000025fff0a3090 Unloading class 0x0000000100258400 'java/lang/invoke/LambdaForm$MH+0x0000000100258400'
Event: 3.095 Thread 0x0000025fff0a3090 Unloading class 0x0000000100258000 'java/lang/invoke/LambdaForm$MH+0x0000000100258000'
Event: 3.095 Thread 0x0000025fff0a3090 Unloading class 0x0000000100253c00 'java/lang/invoke/LambdaForm$MH+0x0000000100253c00'
Event: 3.095 Thread 0x0000025fff0a3090 Unloading class 0x0000000100253800 'java/lang/invoke/LambdaForm$MH+0x0000000100253800'
Event: 3.095 Thread 0x0000025fff0a3090 Unloading class 0x0000000100253400 'java/lang/invoke/LambdaForm$BMH+0x0000000100253400'
Event: 3.095 Thread 0x0000025fff0a3090 Unloading class 0x0000000100253000 'java/lang/invoke/LambdaForm$DMH+0x0000000100253000'
Event: 3.095 Thread 0x0000025fff0a3090 Unloading class 0x0000000100250400 'java/lang/invoke/LambdaForm$DMH+0x0000000100250400'
Event: 4.972 Thread 0x0000025fff0a3090 Unloading class 0x0000000100369000 'java/lang/invoke/LambdaForm$DMH+0x0000000100369000'
Event: 4.972 Thread 0x0000025fff0a3090 Unloading class 0x0000000100368800 'java/lang/invoke/LambdaForm$MH+0x0000000100368800'
Event: 4.972 Thread 0x0000025fff0a3090 Unloading class 0x0000000100368000 'java/lang/invoke/LambdaForm$MH+0x0000000100368000'
Event: 4.972 Thread 0x0000025fff0a3090 Unloading class 0x0000000100253c00 'java/lang/invoke/LambdaForm$MH+0x0000000100253c00'
Event: 4.972 Thread 0x0000025fff0a3090 Unloading class 0x0000000100253800 'java/lang/invoke/LambdaForm$MH+0x0000000100253800'
Event: 4.972 Thread 0x0000025fff0a3090 Unloading class 0x0000000100253400 'java/lang/invoke/LambdaForm$MH+0x0000000100253400'
Event: 4.972 Thread 0x0000025fff0a3090 Unloading class 0x0000000100253000 'java/lang/invoke/LambdaForm$MH+0x0000000100253000'
Event: 4.972 Thread 0x0000025fff0a3090 Unloading class 0x0000000100258400 'java/lang/invoke/LambdaForm$BMH+0x0000000100258400'
Event: 4.972 Thread 0x0000025fff0a3090 Unloading class 0x0000000100258000 'java/lang/invoke/LambdaForm$DMH+0x0000000100258000'
Event: 4.972 Thread 0x0000025fff0a3090 Unloading class 0x0000000100250400 'java/lang/invoke/LambdaForm$DMH+0x0000000100250400'

Classes redefined (4 events):
Event: 0.560 Thread 0x0000025fff0a3090 redefined class name=java.io.FileOutputStream, count=1
Event: 0.564 Thread 0x0000025fff0a3090 redefined class name=java.nio.file.Files, count=1
Event: 0.568 Thread 0x0000025fff0a3090 redefined class name=java.io.File, count=1
Event: 0.571 Thread 0x0000025fff0a3090 redefined class name=java.net.URLStreamHandler, count=1

Internal exceptions (20 events):
Event: 7.018 Thread 0x0000025f86c599f0 Exception <a 'sun/nio/fs/WindowsException'{0x00000000eb6ca630}> (0x00000000eb6ca630) 
thrown [s\src\hotspot\share\prims\jni.cpp, line 516]
Event: 7.021 Thread 0x0000025f86c599f0 Exception <a 'sun/nio/fs/WindowsException'{0x00000000eb6eb718}> (0x00000000eb6eb718) 
thrown [s\src\hotspot\share\prims\jni.cpp, line 516]
Event: 7.021 Thread 0x0000025f86c599f0 Exception <a 'sun/nio/fs/WindowsException'{0x00000000eb6ec248}> (0x00000000eb6ec248) 
thrown [s\src\hotspot\share\prims\jni.cpp, line 516]
Event: 7.022 Thread 0x0000025f86c599f0 Exception <a 'sun/nio/fs/WindowsException'{0x00000000eb6fcca0}> (0x00000000eb6fcca0) 
thrown [s\src\hotspot\share\prims\jni.cpp, line 516]
Event: 7.022 Thread 0x0000025f86c599f0 Exception <a 'sun/nio/fs/WindowsException'{0x00000000eb6fd7d0}> (0x00000000eb6fd7d0) 
thrown [s\src\hotspot\share\prims\jni.cpp, line 516]
Event: 7.023 Thread 0x0000025f86c599f0 Exception <a 'sun/nio/fs/WindowsException'{0x00000000eb6fe950}> (0x00000000eb6fe950) 
thrown [s\src\hotspot\share\prims\jni.cpp, line 516]
Event: 7.023 Thread 0x0000025f86c599f0 Exception <a 'sun/nio/fs/WindowsException'{0x00000000eb6ff230}> (0x00000000eb6ff230) 
thrown [s\src\hotspot\share\prims\jni.cpp, line 516]
Event: 7.024 Thread 0x0000025f86c599f0 Exception <a 'sun/nio/fs/WindowsException'{0x00000000eb700f68}> (0x00000000eb700f68) 
thrown [s\src\hotspot\share\prims\jni.cpp, line 516]
Event: 7.025 Thread 0x0000025f86c599f0 Exception <a 'sun/nio/fs/WindowsException'{0x00000000eb70a0d0}> (0x00000000eb70a0d0) 
thrown [s\src\hotspot\share\prims\jni.cpp, line 516]
Event: 7.025 Thread 0x0000025f86c599f0 Exception <a 'sun/nio/fs/WindowsException'{0x00000000eb70a6a0}> (0x00000000eb70a6a0) 
thrown [s\src\hotspot\share\prims\jni.cpp, line 516]
Event: 7.036 Thread 0x0000025f86437f90 Exception <a 'sun/nio/fs/WindowsException'{0x00000000eb739158}> (0x00000000eb739158) 
thrown [s\src\hotspot\share\prims\jni.cpp, line 516]
Event: 7.038 Thread 0x0000025f86c599f0 Exception <a 'sun/nio/fs/WindowsException'{0x00000000eb715cf0}> (0x00000000eb715cf0) 
thrown [s\src\hotspot\share\prims\jni.cpp, line 516]
Event: 7.039 Thread 0x0000025f86c599f0 Exception <a 'sun/nio/fs/WindowsException'{0x00000000eb7165d0}> (0x00000000eb7165d0) 
thrown [s\src\hotspot\share\prims\jni.cpp, line 516]
Event: 7.049 Thread 0x0000025f86437f90 Exception <a 'sun/nio/fs/WindowsException'{0x00000000eb747918}> (0x00000000eb747918) 
thrown [s\src\hotspot\share\prims\jni.cpp, line 516]
Event: 7.061 Thread 0x0000025f86437f90 Exception <a 'sun/nio/fs/WindowsException'{0x00000000eb766550}> (0x00000000eb766550) 
thrown [s\src\hotspot\share\prims\jni.cpp, line 516]
Event: 7.072 Thread 0x0000025f86c599f0 Exception <a 'sun/nio/fs/WindowsException'{0x00000000eb82fe60}> (0x00000000eb82fe60) 
thrown [s\src\hotspot\share\prims\jni.cpp, line 516]
Event: 7.072 Thread 0x0000025f86c599f0 Exception <a 'sun/nio/fs/WindowsException'{0x00000000eb830990}> (0x00000000eb830990) 
thrown [s\src\hotspot\share\prims\jni.cpp, line 516]
Event: 7.072 Thread 0x0000025f86c599f0 Exception <a 'sun/nio/fs/WindowsException'{0x00000000eb831868}> (0x00000000eb831868) 
thrown [s\src\hotspot\share\prims\jni.cpp, line 516]
Event: 7.073 Thread 0x0000025f86c599f0 Exception <a 'sun/nio/fs/WindowsException'{0x00000000eb832148}> (0x00000000eb832148) 
thrown [s\src\hotspot\share\prims\jni.cpp, line 516]
Event: 7.076 Thread 0x0000025f86c599f0 Exception <a 'sun/nio/fs/WindowsException'{0x00000000eb899700}> (0x00000000eb899700) 
thrown [s\src\hotspot\share\prims\jni.cpp, line 516]

VM Operations (20 events):
Event: 6.497 Executing VM operation: HandshakeAllThreads
Event: 6.497 Executing VM operation: HandshakeAllThreads done
Event: 6.532 Executing VM operation: ICBufferFull
Event: 6.532 Executing VM operation: ICBufferFull done
Event: 6.532 Executing VM operation: ICBufferFull
Event: 6.532 Executing VM operation: ICBufferFull done
Event: 6.608 Executing VM operation: HandshakeAllThreads
Event: 6.609 Executing VM operation: HandshakeAllThreads done
Event: 6.641 Executing VM operation: HandshakeAllThreads
Event: 6.641 Executing VM operation: HandshakeAllThreads done
Event: 6.654 Executing VM operation: HandshakeAllThreads
Event: 6.654 Executing VM operation: HandshakeAllThreads done
Event: 6.845 Executing VM operation: ParallelGCFailedAllocation
Event: 6.849 Executing VM operation: ParallelGCFailedAllocation done
Event: 6.962 Executing VM operation: HandshakeAllThreads
Event: 6.962 Executing VM operation: HandshakeAllThreads done
Event: 6.986 Executing VM operation: HandshakeAllThreads
Event: 6.986 Executing VM operation: HandshakeAllThreads done
Event: 7.092 Executing VM operation: HandshakeAllThreads
Event: 7.092 Executing VM operation: HandshakeAllThreads done

Events (20 events):
Event: 6.505 Thread 0x0000025fffc26b10 flushing nmethod 0x0000025fee094d90
Event: 6.505 Thread 0x0000025fffc26b10 flushing nmethod 0x0000025fee0a6810
Event: 6.505 Thread 0x0000025fffc26b10 flushing nmethod 0x0000025fee0ebc90
Event: 6.505 Thread 0x0000025fffc26b10 flushing nmethod 0x0000025fee0fbe90
Event: 6.505 Thread 0x0000025fffc26b10 flushing nmethod 0x0000025fee13a790
Event: 6.505 Thread 0x0000025fffc26b10 flushing nmethod 0x0000025fee167f10
Event: 6.505 Thread 0x0000025fffc26b10 flushing nmethod 0x0000025fee17a610
Event: 6.505 Thread 0x0000025fffc26b10 flushing nmethod 0x0000025fee181b90
Event: 6.506 Thread 0x0000025fffc26b10 flushing nmethod 0x0000025fee191610
Event: 6.506 Thread 0x0000025fffc26b10 flushing nmethod 0x0000025fee198090
Event: 6.506 Thread 0x0000025fffc26b10 flushing nmethod 0x0000025fee1c2090
Event: 6.506 Thread 0x0000025fffc26b10 flushing nmethod 0x0000025fee1c2490
Event: 6.506 Thread 0x0000025fffc26b10 flushing nmethod 0x0000025fee1c2990
Event: 6.506 Thread 0x0000025fffc26b10 flushing nmethod 0x0000025fee1c4010
Event: 6.506 Thread 0x0000025fffc26b10 flushing nmethod 0x0000025fee1c4490
Event: 6.506 Thread 0x0000025fffc26b10 flushing nmethod 0x0000025fee1c6010
Event: 6.506 Thread 0x0000025fffc26b10 flushing nmethod 0x0000025fee1c6b90
Event: 6.506 Thread 0x0000025fffc26b10 flushing nmethod 0x0000025fee1cba10
Event: 6.506 Thread 0x0000025fffc26b10 flushing nmethod 0x0000025fee1d7f10
Event: 6.506 Thread 0x0000025fffc26b10 flushing nmethod 0x0000025fee244d90


Dynamic libraries:
0x00007ff653260000 - 0x00007ff65326e000 	c:\Users\adarshu\.vscode\extensions\redhat.java-1.34.0-win32-x64\jre\17.0.12-win32-x86_64\bin\java.exe
0x00007ffb047b0000 - 0x00007ffb049c6000 	C:\Windows\SYSTEM32\ntdll.dll
0x00007ffb044f0000 - 0x00007ffb045b4000 	C:\Windows\System32\KERNEL32.DLL
0x00007ffb04140000 - 0x00007ffb044e6000 	C:\Windows\System32\KERNELBASE.dll
0x000000007fea0000 - 0x000000007fedb000 	C:\Windows\System32\cyinjct.dll
0x00007ffb03fd0000 - 0x00007ffb03fdc000 	C:\Windows\System32\ntnativeapi.dll
0x00007ffae10e0000 - 0x00007ffae10f7000 	c:\Users\adarshu\.vscode\extensions\redhat.java-1.34.0-win32-x64\jre\17.0.12-win32-x86_64\bin\jli.dll
0x0000025fe89b0000 - 0x0000025fe8b5d000 	C:\Windows\System32\USER32.dll
0x00007ffb01c60000 - 0x00007ffb01c86000 	C:\Windows\System32\win32u.dll
0x00007ffb03250000 - 0x00007ffb03279000 	C:\Windows\System32\GDI32.dll
0x00007ffb01dd0000 - 0x00007ffb01ee8000 	C:\Windows\System32\gdi32full.dll
0x00007ffb01d30000 - 0x00007ffb01dca000 	C:\Windows\System32\msvcp_win.dll
0x0000025fe8b60000 - 0x0000025fe8c71000 	C:\Windows\System32\ucrtbase.dll
0x00007ffadda40000 - 0x00007ffadda5b000 	c:\Users\adarshu\.vscode\extensions\redhat.java-1.34.0-win32-x64\jre\17.0.12-win32-x86_64\bin\VCRUNTIME140.dll
0x00007ffae9ea0000 - 0x00007ffaea133000 	C:\Windows\WinSxS\amd64_microsoft.windows.common-controls_6595b64144ccf1df_6.0.22621.3235_none_270f74e173860f98\COMCTL32.dll
0x00007ffb02130000 - 0x00007ffb021d7000 	C:\Windows\System32\msvcrt.dll
0x00007ffb03fb0000 - 0x00007ffb03fce000 	C:\Windows\System32\cyvera.dll
0x00007ffb03f40000 - 0x00007ffb03fae000 	C:\Windows\System32\cyvrtrap.dll
0x00007ffb03280000 - 0x00007ffb032b1000 	C:\Windows\System32\IMM32.DLL
0x00007ffaa55c0000 - 0x00007ffaa5671000 	C:\Program Files\McAfee\Endpoint Security\Threat Prevention\Ips\EpMPApi.dll
0x00007ffb04020000 - 0x00007ffb04135000 	C:\Windows\System32\RPCRT4.dll
0x00007ffb032c0000 - 0x00007ffb03372000 	C:\Windows\System32\ADVAPI32.dll
0x00007ffb02ee0000 - 0x00007ffb02f88000 	C:\Windows\System32\sechost.dll
0x00007ffb01d00000 - 0x00007ffb01d28000 	C:\Windows\System32\bcrypt.dll
0x00007ffb01c90000 - 0x00007ffb01cfb000 	C:\Windows\System32\WINTRUST.dll
0x00007ffb01af0000 - 0x00007ffb01c56000 	C:\Windows\System32\CRYPT32.dll
0x00007ffb011e0000 - 0x00007ffb011f2000 	C:\Windows\SYSTEM32\MSASN1.dll
0x00000000605f0000 - 0x00000000605fc000 	C:\Program Files\McAfee\Endpoint Security\Threat Prevention\Ips\EpMPThe.dll
0x00007ffaa5540000 - 0x00007ffaa559c000 	C:\Program Files\McAfee\Endpoint Security\Threat Prevention\Ips\HIPHandlers64.dll
0x00007ffb025c0000 - 0x00007ffb02e1d000 	C:\Windows\System32\SHELL32.dll
0x00007ffb03380000 - 0x00007ffb033de000 	C:\Windows\System32\SHLWAPI.dll
0x00007ffb00160000 - 0x00007ffb0018d000 	C:\Windows\SYSTEM32\IPHLPAPI.DLL
0x00007ffaff250000 - 0x00007ffaff483000 	C:\Windows\SYSTEM32\dbghelp.dll
0x00007ffb03b70000 - 0x00007ffb03ef8000 	C:\Windows\System32\combase.dll
0x00007ffb021e0000 - 0x00007ffb022b7000 	C:\Windows\System32\OLEAUT32.dll
0x00007ffaf15d0000 - 0x00007ffaf15dc000 	c:\Users\adarshu\.vscode\extensions\redhat.java-1.34.0-win32-x64\jre\17.0.12-win32-x86_64\bin\vcruntime140_1.dll
0x00007ffadac80000 - 0x00007ffadad0d000 	c:\Users\adarshu\.vscode\extensions\redhat.java-1.34.0-win32-x64\jre\17.0.12-win32-x86_64\bin\msvcp140.dll
0x00007ffaa4120000 - 0x00007ffaa4d8a000 	c:\Users\adarshu\.vscode\extensions\redhat.java-1.34.0-win32-x64\jre\17.0.12-win32-x86_64\bin\server\jvm.dll
0x00007ffb02540000 - 0x00007ffb025b1000 	C:\Windows\System32\WS2_32.dll
0x00007ffb016f0000 - 0x00007ffb0173d000 	C:\Windows\SYSTEM32\POWRPROF.dll
0x00007ffaf3540000 - 0x00007ffaf3574000 	C:\Windows\SYSTEM32\WINMM.dll
0x00007ffaf4df0000 - 0x00007ffaf4dfa000 	C:\Windows\SYSTEM32\VERSION.dll
0x00007ffb016d0000 - 0x00007ffb016e3000 	C:\Windows\SYSTEM32\UMPDC.dll
0x00007ffb008e0000 - 0x00007ffb008f8000 	C:\Windows\SYSTEM32\kernel.appcore.dll
0x00007ffadd970000 - 0x00007ffadd97a000 	c:\Users\adarshu\.vscode\extensions\redhat.java-1.34.0-win32-x64\jre\17.0.12-win32-x86_64\bin\jimage.dll
0x00007ffad6ad0000 - 0x00007ffad6b02000 	C:\Windows\SYSTEM32\dbgcore.DLL
0x00007ffb01ef0000 - 0x00007ffb01f6a000 	C:\Windows\System32\bcryptPrimitives.dll
0x00007ffadb0c0000 - 0x00007ffadb0ce000 	c:\Users\adarshu\.vscode\extensions\redhat.java-1.34.0-win32-x64\jre\17.0.12-win32-x86_64\bin\instrument.dll
0x00007ffadb090000 - 0x00007ffadb0b5000 	c:\Users\adarshu\.vscode\extensions\redhat.java-1.34.0-win32-x64\jre\17.0.12-win32-x86_64\bin\java.dll
0x00007ffb03f00000 - 0x00007ffb03f37000 	C:\Program Files\Palo Alto Networks\Traps\cyjagent.dll
0x00007ffadb070000 - 0x00007ffadb088000 	c:\Users\adarshu\.vscode\extensions\redhat.java-1.34.0-win32-x64\jre\17.0.12-win32-x86_64\bin\zip.dll
0x00007ffaff610000 - 0x00007ffafff08000 	C:\Windows\SYSTEM32\windows.storage.dll
0x00007ffaff4d0000 - 0x00007ffaff60e000 	C:\Windows\SYSTEM32\wintypes.dll
0x00007ffb02030000 - 0x00007ffb02123000 	C:\Windows\System32\SHCORE.dll
0x00007ffb01900000 - 0x00007ffb01926000 	C:\Windows\SYSTEM32\profapi.dll
0x00007ffaf15e0000 - 0x00007ffaf15f9000 	C:\Users\adarshu\.vscode\extensions\redhat.java-1.34.0-win32-x64\jre\17.0.12-win32-x86_64\bin\net.dll
0x00007ffb00900000 - 0x00007ffb00a37000 	C:\Windows\SYSTEM32\WINHTTP.dll
0x00007ffb00e90000 - 0x00007ffb00ef9000 	C:\Windows\system32\mswsock.dll
0x00007ffaddb90000 - 0x00007ffaddba6000 	C:\Users\adarshu\.vscode\extensions\redhat.java-1.34.0-win32-x64\jre\17.0.12-win32-x86_64\bin\nio.dll
0x00007ffaddb80000 - 0x00007ffaddb90000 	c:\Users\adarshu\.vscode\extensions\redhat.java-1.34.0-win32-x64\jre\17.0.12-win32-x86_64\bin\verify.dll
0x00007ffadabb0000 - 0x00007ffadabf5000 	C:\Users\adarshu\AppData\Roaming\Code\User\globalStorage\redhat.java\1.34.0\config_win\org.eclipse.equinox.launcher\org.eclipse.equinox.launcher.win32.win32.x86_64_1.2.1100.v20240722-2106\eclipse_11904.dll
0x00007ffb02390000 - 0x00007ffb0252f000 	C:\Windows\System32\ole32.dll
0x00007ffadb060000 - 0x00007ffadb069000 	C:\Users\adarshu\.vscode\extensions\redhat.java-1.34.0-win32-x64\jre\17.0.12-win32-x86_64\bin\management.dll
0x00007ffadb050000 - 0x00007ffadb05b000 	C:\Users\adarshu\.vscode\extensions\redhat.java-1.34.0-win32-x64\jre\17.0.12-win32-x86_64\bin\management_ext.dll
0x00007ffb038a0000 - 0x00007ffb038a8000 	C:\Windows\System32\PSAPI.DLL
0x00007ffb01190000 - 0x00007ffb011ab000 	C:\Windows\SYSTEM32\CRYPTSP.dll
0x00007ffb00840000 - 0x00007ffb00875000 	C:\Windows\system32\rsaenh.dll
0x00007ffb00f30000 - 0x00007ffb00f5c000 	C:\Windows\SYSTEM32\USERENV.dll
0x00007ffb01170000 - 0x00007ffb0117c000 	C:\Windows\SYSTEM32\CRYPTBASE.dll
0x00007ffb02ed0000 - 0x00007ffb02ed9000 	C:\Windows\System32\NSI.dll
0x00007ffaf7bd0000 - 0x00007ffaf7be9000 	C:\Windows\SYSTEM32\dhcpcsvc6.DLL
0x00007ffaf7780000 - 0x00007ffaf779f000 	C:\Windows\SYSTEM32\dhcpcsvc.DLL
0x00007ffb00190000 - 0x00007ffb00289000 	C:\Windows\SYSTEM32\DNSAPI.dll
0x00007ffad9480000 - 0x00007ffad94c5000 	C:\Users\adarshu\AppData\Local\Temp\jna--1150449492\jna12904375938461913589.dll
0x00007ffadac20000 - 0x00007ffadac2e000 	C:\Users\adarshu\.vscode\extensions\redhat.java-1.34.0-win32-x64\jre\17.0.12-win32-x86_64\bin\sunmscapi.dll
0x00007ffb012a0000 - 0x00007ffb012ce000 	C:\Windows\SYSTEM32\ncrypt.dll
0x00007ffb01260000 - 0x00007ffb01297000 	C:\Windows\SYSTEM32\NTASN1.dll
0x00007ffaf52d0000 - 0x00007ffaf52da000 	C:\Windows\System32\rasadhlp.dll
0x00007ffaf8050000 - 0x00007ffaf80d3000 	C:\Windows\System32\fwpuclnt.dll
0x00007ffadac10000 - 0x00007ffadac19000 	C:\Users\adarshu\.vscode\extensions\redhat.java-1.34.0-win32-x64\jre\17.0.12-win32-x86_64\bin\extnet.dll

dbghelp: loaded successfully - version: 4.0.5 - missing functions: none
symbol engine: initialized successfully - sym options: 0x614 - pdb path: .;c:\Users\adarshu\.vscode\extensions\redhat.java-1.34.0-win32-x64\jre\17.0.12-win32-x86_64\bin;C:\Windows\SYSTEM32;C:\Windows\WinSxS\amd64_microsoft.windows.common-controls_6595b64144ccf1df_6.0.22621.3235_none_270f74e173860f98;C:\Program Files\McAfee\Endpoint Security\Threat Prevention\Ips;c:\Users\adarshu\.vscode\extensions\redhat.java-1.34.0-win32-x64\jre\17.0.12-win32-x86_64\bin\server;C:\Program Files\Palo Alto Networks\Traps;C:\Users\adarshu\AppData\Roaming\Code\User\globalStorage\redhat.java\1.34.0\config_win\org.eclipse.equinox.launcher\org.eclipse.equinox.launcher.win32.win32.x86_64_1.2.1100.v20240722-2106;C:\Users\adarshu\AppData\Local\Temp\jna--1150449492

VM Arguments:
jvm_args: --add-modules=ALL-SYSTEM --add-opens=java.base/java.util=ALL-UNNAMED --add-opens=java.base/java.lang=ALL-UNNAMED --add-opens=java.base/sun.nio.fs=ALL-UNNAMED -Declipse.application=org.eclipse.jdt.ls.core.id1 -Dosgi.bundles.defaultStartLevel=4 -Declipse.product=org.eclipse.jdt.ls.core.product -Djava.import.generatesMetadataFilesAtProjectRoot=false -DDetectVMInstallationsJob.disabled=true -Dfile.encoding=utf8 -XX:+UseParallelGC -XX:GCTimeRatio=4 -XX:AdaptiveSizePolicyWeight=90 -Dsun.zip.disableMemoryMapping=true -Xmx1G -Xms100m -Xlog:disable -javaagent:c:\Users\adarshu\.vscode\extensions\redhat.java-1.34.0-win32-x64\lombok\lombok-1.18.33.jar -XX:+HeapDumpOnOutOfMemoryError -XX:HeapDumpPath=c:\Users\adarshu\AppData\Roaming\Code\User\workspaceStorage\489aa18789a45c1c609e8547b1e70f27\redhat.java -Daether.dependencyCollector.impl=bf -agentpath:C:\Program Files\Palo Alto Networks\Traps\cyjagent.dll 
java_command: c:\Users\adarshu\.vscode\extensions\redhat.java-1.34.0-win32-x64\server\plugins\org.eclipse.equinox.launcher_1.6.900.v20240613-2009.jar -configuration c:\Users\adarshu\AppData\Roaming\Code\User\globalStorage\redhat.java\1.34.0\config_win -data c:\Users\adarshu\AppData\Roaming\Code\User\workspaceStorage\489aa18789a45c1c609e8547b1e70f27\redhat.java\jdt_ws --pipe=\\.\pipe\lsp-ed1646f7a9c52d92efefce6ef3514635-sock
java_class_path (initial): c:\Users\adarshu\.vscode\extensions\redhat.java-1.34.0-win32-x64\server\plugins\org.eclipse.equinox.launcher_1.6.900.v20240613-2009.jar
Launcher Type: SUN_STANDARD

[Global flags]
    uintx AdaptiveSizePolicyWeight                 = 90                                        {product} {command line}
     intx CICompilerCount                          = 4                                         {product} {ergonomic}
    uintx GCTimeRatio                              = 4                                         {product} {command line}
     bool HeapDumpOnOutOfMemoryError               = true                                   {manageable} {command line}
    ccstr HeapDumpPath                             = c:\Users\adarshu\AppData\Roaming\Code\User\workspaceStorage\489aa18789a45c1c609e8547b1e70f27\redhat.java         {manageable} {command line}
   size_t InitialHeapSize                          = 104857600                                 {product} {command line}
   size_t MaxHeapSize                              = 1073741824                                {product} {command line}
   size_t MaxNewSize                               = 357564416                                 {product} {ergonomic}
   size_t MinHeapDeltaBytes                        = 524288                                    {product} {ergonomic}
   size_t MinHeapSize                              = 104857600                                 {product} {command line}
   size_t NewSize                                  = 34603008                                  {product} {ergonomic}
    uintx NonNMethodCodeHeapSize                   = 5839372                                {pd product} {ergonomic}
    uintx NonProfiledCodeHeapSize                  = 122909434                              {pd product} {ergonomic}
   size_t OldSize                                  = 70254592                                  {product} {ergonomic}
    uintx ProfiledCodeHeapSize                     = 122909434                              {pd product} {ergonomic}
    uintx ReservedCodeCacheSize                    = 251658240                              {pd product} {ergonomic}
     bool SegmentedCodeCache                       = true                                      {product} {ergonomic}
   size_t SoftMaxHeapSize                          = 1073741824                             {manageable} {ergonomic}
     bool UseCompressedClassPointers               = true                           {product lp64_product} {ergonomic}
     bool UseCompressedOops                        = true                           {product lp64_product} {ergonomic}
     bool UseLargePagesIndividualAllocation        = false                                  {pd product} {ergonomic}
     bool UseParallelGC                            = true                                      {product} {command line}

Logging:
Log output configuration:
 #0: stdout all=off uptime,level,tags
 #1: stderr all=off uptime,level,tags

Environment Variables:
JAVA_HOME=C:\Program Files\Java\jdk-17
PATH=;C:\Windows\system32\config\systemprofile\AppData\Roaming\nvm;C:\Program Files\nodejs;C:\Program Files (x86)\Yarn\bin\;C:\Program Files\nodejs\;C:\Program Files\Python312\;C:\Program Files\Python312\Scripts\;C:\Program Files\MySQL\MySQL Server 8.2\bin;C:\Users\adarshu\AppData\Local\Microsoft\WindowsApps;D:\Programs File\apache-maven-3.9.5\bin;C:\Program Files\Git\bin;C:\Program Files\Microsoft VS Code\bin;C:\Program Files\Java\jdk-17\bin;D:\work\vtp\dist;C:\Program Files (x86)\Yarn\bin;C:\Windows\System32\WindowsPowerShell\v1.0;C:\Users\adarshu\AppData\Roaming\npm
USERNAME=adarshu
OS=Windows_NT
PROCESSOR_IDENTIFIER=Intel64 Family 6 Model 140 Stepping 1, GenuineIntel
TMP=C:\Users\adarshu\AppData\Local\Temp
TEMP=C:\Users\adarshu\AppData\Local\Temp



Periodic native trim disabled


---------------  S Y S T E M  ---------------

OS:
 Windows 11 , 64 bit Build 22621 (10.0.22621.3235)
OS uptime: 0 days 1:51 hours
Hyper-V role detected

CPU: total 8 (initial active 8) (4 cores per cpu, 2 threads per core) family 6 model 140 stepping 1 microcode 0xb6, cx8, cmov, fxsr, ht, mmx, 3dnowpref, sse, sse2, sse3, ssse3, sse4.1, sse4.2, popcnt, lzcnt, tsc, tscinvbit, avx, avx2, aes, erms, clmul, bmi1, bmi2, adx, avx512f, avx512dq, avx512cd, avx512bw, avx512vl, sha, fma, vzeroupper, avx512_vpopcntdq, avx512_vpclmulqdq, avx512_vaes, avx512_vnni, clflush, clflushopt, clwb, avx512_vbmi2, avx512_vbmi, hv
Processor Information for all 8 processors :
  Max Mhz: 2419, Current Mhz: 2419, Mhz Limit: 2419

Memory: 4k page, system-wide physical 16064M (3277M free)
TotalPageFile size 16064M (AvailPageFile size 15M)
current process WorkingSet (physical memory assigned to process): 219M, peak: 219M
current process commit charge ("private bytes"): 310M, peak: 310M

vm_info: OpenJDK 64-Bit Server VM (17.0.12+7) for windows-amd64 JRE (17.0.12+7), built on Jul 16 2024 22:08:24 by "admin" with MS VC++ 16.10 / 16.11 (VS2019)

END.
